{
  "question" : {
    "question_id" : 79632118,
    "title" : "Selenium chromedriver --ignore-certificate-errors not working as expected",
    "body" : "<p>I am using <strong>'selenium-java', version: '4.32.0'</strong></p>\n<p>In my test code i am passing chromedriver argument --ignore-certificate-errors. But mytests are still blocked by following security confirmation in the browser:</p>\n<ul>\n<li><em>The information you're about to submit is not secure. Because this\nform is being submitted using a connection that's not secure, your\ninformation will be visible to others.</em></li>\n</ul>\n<p><a href=\"https://i.sstatic.net/6HKrQQHB.png\" rel=\"nofollow noreferrer\"><img src=\"https://i.sstatic.net/6HKrQQHB.png\" alt=\"enter image description here\" /></a></p>\n<p>Here its my code snippet, any idea how to get rid of it:</p>\n<pre class=\"lang-java prettyprint-override\"><code>public class IgnoreSSLErrorsExampleTest {\n@Test\npublic void testWithSSLIgnored() {\n    // Set path to ChromeDriver\n    System.setProperty(&quot;webdriver.chrome.driver&quot;,\n            System.getProperty(&quot;user.dir&quot;) + &quot;\\\\driver\\\\chromedriver.exe&quot;);\n\n    // Configure Chrome to ignore SSL certificate errors\n    ChromeOptions options = new ChromeOptions();\n    options.addArguments(&quot;--ignore-certificate-errors&quot;);\n    options.setAcceptInsecureCerts(true);\n\n    // Initialize WebDriver\n    WebDriver driver = new ChromeDriver(options);\n\n    try {\n        driver.get(&quot;http://******/login&quot;);\n        Thread.sleep(2000);\n\n        // Enter credentials and login\n        driver.findElement(By.cssSelector(&quot;#Username&quot;)).sendKeys(&quot;custserv_prod_auto&quot;);\n        driver.findElement(By.cssSelector(&quot;#Password&quot;)).sendKeys(&quot;C3y5Hd@f&quot;);\n        driver.findElement(By.cssSelector(&quot;.btn-primary&quot;)).click();\n\n        Thread.sleep(2000);\n\n        // Handle OTP (method placeholder)\n        passOTPToken();\n\n        // Click trust browser button\n        driver.findElement(By.xpath(&quot;//button[@id='accept-trust-browser-btn']&quot;)).click();\n        Thread.sleep(2000);\n\n        // Print the title of the page\n        System.out.println(&quot;Page title is: &quot; + driver.getTitle());\n\n    } catch (InterruptedException e) {\n        throw new RuntimeException(e);\n    } finally {\n        driver.quit();\n    }\n}\n\nprivate void passOTPToken() {\n    // TODO: Implement OTP logic\n}\n}\n</code></pre>\n<p>Error log:</p>\n<blockquote>\n<p>[ERROR] Errors:\n[ERROR]   IgnoreSSLErrorsExampleTest.testWithSSLIgnored:37 Â» NoSuchElement no such element: Unable to locate element: {&quot;method&quot;:&quot;css selector&quot;,&quot;selector&quot;:&quot;.verify-number:nth-child(1)&quot;}\n(Session info: chrome=136.0.7103.114)\nFor documentation on this error, please visit: <a href=\"https://www.selenium.dev/documentation/webdriver/troubleshooting/errors#no-such-element-exception\" rel=\"nofollow noreferrer\">https://www.selenium.dev/documentation/webdriver/troubleshooting/errors#no-such-element-exception</a>\nBuild info: version: '4.20.0', revision: '866c76ca80'\nSystem info: os.name: 'Windows 11', os.arch: 'amd64', os.version: '10.0', java.version: '17.0.12'\nDriver info: org.openqa.selenium.chrome.ChromeDriver\nCommand: [e25ff1943560b0b1ba8ccb70906d8c83, findElement {using=css selector, value=.verifyotp-number:nth-child(1)}]\nCapabilities {acceptInsecureCerts: true, browserName: chrome, browserVersion: 136.0.7103.114, chrome: {chromedriverVersion: 136.0.7103.92 (cb81a4cc5087..., userDataDir: C:\\Users\\mhasan\\AppData\\Loc...}, fedcm:accounts: true, goog\n:chromeOptions: {debuggerAddress: localhost:56267}, networkConnectionEnabled: false, pageLoadStrategy: normal, platformName: windows, proxy: Proxy(), se:cdp: ws://localhost:56267/devtoo..., se:cdpVersion: 136.0.7103.114, setWind\nowRect: true, strictFileInteractability: false, timeouts: {implicit: 0, pageLoad: 300000, script: 30000}, unhandledPromptBehavior: dismiss and notify, webauthn:extension:credBlob: true, webauthn:extension:largeBlob: true, webauthn:extension:minPinLength: true, webauthn:extension:prf: true, webauthn:virtualAuthenticators: true}\nSession ID: e25ff1943560b0b1ba8ccb70906d8c83\n[INFO]\n[ERROR] Tests run: 1, Failures: 0, Errors: 1, Skipped: 0</p>\n</blockquote>\n",
    "tags" : [ "java", "selenium-webdriver" ],
    "owner" : {
      "account_id" : 13902331,
      "reputation" : 161,
      "user_id" : 10037653,
      "user_type" : "registered",
      "profile_image" : "https://www.gravatar.com/avatar/028d6c392e31c7fe15540391fecd803f?s=256&d=identicon&r=PG&f=y&so-version=2",
      "display_name" : "mahadi hasan",
      "link" : "https://stackoverflow.com/users/10037653/mahadi-hasan"
    },
    "is_answered" : false,
    "view_count" : 132,
    "answer_count" : 1,
    "score" : 0,
    "last_activity_date" : 1749021362,
    "creation_date" : 1747834894,
    "link" : "https://stackoverflow.com/questions/79632118/selenium-chromedriver-ignore-certificate-errors-not-working-as-expected",
    "content_license" : "CC BY-SA 4.0"
  },
  "answers" : [ {
    "answer_id" : 79652282,
    "question_id" : 79632118,
    "body" : "<p>The actual problem here i was trying to reach <strong>http</strong> site and at the same time trying to ignore the certificate errors by <strong>ignore-certificate-errors</strong> which has no impact even though http site has certificate error.</p>\n<p>For such cases only the workaround is try to configure the browser not to throw certificate error or my team to fix the site configuration so that the site support <strong>https.</strong></p>\n",
    "score" : 0,
    "is_accepted" : false,
    "owner" : {
      "account_id" : 13902331,
      "reputation" : 161,
      "user_id" : 10037653,
      "user_type" : "registered",
      "profile_image" : "https://www.gravatar.com/avatar/028d6c392e31c7fe15540391fecd803f?s=256&d=identicon&r=PG&f=y&so-version=2",
      "display_name" : "mahadi hasan",
      "link" : "https://stackoverflow.com/users/10037653/mahadi-hasan"
    },
    "creation_date" : 1749021362,
    "last_activity_date" : 1749021362,
    "content_license" : "CC BY-SA 4.0"
  } ],
  "question_comments" : [ {
    "comment_id" : 140481602,
    "post_id" : 79632118,
    "body" : "try removing &quot;options.setAcceptInsecureCerts(true);&quot;  I only see that available in an abstract driver options class.",
    "score" : 0,
    "owner" : {
      "account_id" : 6077817,
      "reputation" : 1362,
      "user_id" : 4744568,
      "user_type" : "registered",
      "profile_image" : "https://www.gravatar.com/avatar/125cdb7d43927756913b920de016f420?s=256&d=identicon&r=PG",
      "display_name" : "browsermator",
      "link" : "https://stackoverflow.com/users/4744568/browsermator"
    },
    "creation_date" : 1748899975,
    "content_license" : "CC BY-SA 4.0"
  } ],
  "answer_comments" : { }
}