{
  "question" : {
    "question_id" : 79670171,
    "title" : "When some test suites exist in a module, how may I ask maven failsafe to run only them (they are running test cases) and not them and the test cases?",
    "body" : "<p>If I run it with an <code>assemblage</code> profile, my Maven runs a <code>failsafe</code> plugin when encountering a file ending with <code>IT</code>, and that's what I was willing until now:</p>\n<pre class=\"lang-xml prettyprint-override\"><code>&lt;profile&gt;\n    &lt;id&gt;default&lt;/id&gt;\n\n    &lt;activation&gt;\n        &lt;activeByDefault&gt;true&lt;/activeByDefault&gt;\n    &lt;/activation&gt;\n\n    &lt;properties&gt;\n        &lt;skip.integration.tests&gt;true&lt;/skip.integration.tests&gt;\n        &lt;skip.unit.tests&gt;false&lt;/skip.unit.tests&gt;\n    &lt;/properties&gt;\n&lt;/profile&gt;\n\n&lt;profile&gt;\n    &lt;id&gt;assemblage&lt;/id&gt;\n\n    &lt;properties&gt;\n        &lt;skip.integration.tests&gt;false&lt;/skip.integration.tests&gt;\n        &lt;skip.unit.tests&gt;false&lt;/skip.unit.tests&gt;\n    &lt;/properties&gt;\n\n    &lt;build&gt;\n        &lt;plugins&gt;\n            &lt;plugin&gt;\n                &lt;groupId&gt;org.apache.maven.plugins&lt;/groupId&gt;\n                &lt;artifactId&gt;maven-failsafe-plugin&lt;/artifactId&gt;\n\n                &lt;configuration&gt;\n                    &lt;skipTests&gt;${skip.integration.tests}&lt;/skipTests&gt;\n                &lt;/configuration&gt;\n            &lt;/plugin&gt;\n        &lt;/plugins&gt;\n    &lt;/build&gt;\n&lt;/profile&gt;\n\n&lt;plugin&gt;\n    &lt;groupId&gt;org.apache.maven.plugins&lt;/groupId&gt;\n    &lt;artifactId&gt;maven-surefire-plugin&lt;/artifactId&gt;\n    &lt;version&gt;${surefire-version}&lt;/version&gt;\n\n    &lt;configuration&gt;\n        &lt;skipTests&gt;${skip.unit.tests}&lt;/skipTests&gt;\n\n        &lt;excludes&gt;\n            &lt;exclude&gt;**/IT*.java&lt;/exclude&gt;\n        &lt;/excludes&gt;\n    &lt;/configuration&gt;\n&lt;/plugin&gt;\n</code></pre>\n<p>My modules have some unit tests and IT test cases. And now some (but not all modules) have also test suites:</p>\n<pre class=\"lang-bash prettyprint-override\"><code>ls */*IT*\ncog/CogSuiteIT.java      \n\ncog/DepartementsITCase.java         \ncog/RegionsITCase.java         \ncog/CommunesITCase.java  \ncog/EvenementsCommunauxITCase.java  \ncog/SirenCommunauxITCase.java  \n\ncompetence/CompetenceITCase.java\ngroupement/GroupementsPerimetresITCase.java\n</code></pre>\n<p>A test suite is here to set the order of execution of assembly/integration test cases [that are in my project stateful by choice], to optimize their execution speed.</p>\n<pre class=\"lang-java prettyprint-override\"><code>@Suite\n@SelectClasses({\n   RegionsITCase.class, DepartementsITCase.class, SirenCommunauxITCase.class, \n   CommunesITCase.class, EvenementsCommunauxITCase.class\n})\n@DisplayName(&quot;Code Officiel Géographique&quot;)\npublic class CogSuiteIT {\n}\n</code></pre>\n<p>My problem: if I run a <code>mvn install -Passemblage | grep -F 'IT' | grep -F 'Tests run'</code> here's what I see:</p>\n<pre class=\"lang-none prettyprint-override\"><code>[INFO] Tests run: [...] Time elapsed: 30.522 s - in [*].CompetenceITCase\n[INFO] Tests run: [...] Time elapsed: 242.972 s - in [*].CommunesITCase\n[INFO] Tests run: [...] Time elapsed: 0.91 s - in [*].RegionsITCase\n[INFO] Tests run: [...] Time elapsed: 16.238 s - in [*].SirenCommunauxITCase\n[INFO] Tests run: [...] Time elapsed: 1.043 s - in [*].DepartementsITCase\n[INFO] Tests run: [...] Time elapsed: 2.855 s - in [*].EvenementsCommunauxITCase\n[ERROR] Tests run: [...] Time elapsed: 61.191 s &lt;&lt;&lt; FAILURE! - in [*].GroupementsPerimetresITCase\n[INFO] Tests run: [...] Time elapsed: 258.096 s - in CogSuiteIT\n</code></pre>\n<p>Not only the execution order isn't the one I am expecting,<br />\n<code>{CommunesITCase, RegionsITCase, SirenCommunauxITCase, DepartementsITCase, EvenementsCommunauxITCase}</code><br />\n≠ <code>{RegionsITCase, DepartementsITCase, SirenCommunauxITCase, CommunesITCase, EvenementsCommunauxITCase}</code></p>\n<p>but these tests looks also run twice, as <code>CogSuiteIT</code> is marked as run too.</p>\n<p>What the best way to solve this problem?</p>\n",
    "tags" : [ "java", "maven", "testing", "maven-failsafe-plugin" ],
    "owner" : {
      "account_id" : 3366819,
      "reputation" : 3591,
      "user_id" : 2827181,
      "user_type" : "registered",
      "profile_image" : "https://i.sstatic.net/WJK16.jpg?s=256",
      "display_name" : "Marc Le Bihan",
      "link" : "https://stackoverflow.com/users/2827181/marc-le-bihan"
    },
    "is_answered" : false,
    "view_count" : 57,
    "answer_count" : 1,
    "score" : 0,
    "last_activity_date" : 1750342782,
    "creation_date" : 1750230534,
    "link" : "https://stackoverflow.com/questions/79670171/when-some-test-suites-exist-in-a-module-how-may-i-ask-maven-failsafe-to-run-onl",
    "content_license" : "CC BY-SA 4.0"
  },
  "answers" : [ {
    "answer_id" : 79672215,
    "question_id" : 79670171,
    "body" : "<p>I'm sorry to have asked a question that is a bit confuse. I've found it's solution eventually.</p>\n<ul>\n<li>exclude <code>**/IT*.java</code> when executing <code>surefire</code> plugin so that <code>*IT</code> tests classes aren't taken into account by it</li>\n<li>exclude <code>**/*ITCase*.java</code> when executing <code>failsafe</code> and renaming test classes that are engaged in a suite with that suffix <code>ITCase.java</code>.</li>\n</ul>\n<p>It looks complex, and I'm sorry because it is a bit, yes, but this allow me to have:</p>\n<ul>\n<li><p>In normal compilation (without <code>-Passemblage</code> profile) only test units run, by <code>surefire</code> (no <code>IT</code> classes at all)</p>\n</li>\n<li><p>In assembly/integration testing (with <code>-Passemblage</code>):</p>\n<ul>\n<li>all tests of <code>*IT</code> classes files, but <code>*ITCase</code></li>\n<li>all tests of my suites run too, but once, as the classes ran by the suite are named with <code>ITCase</code> and cannot be launched alone a second time.</li>\n</ul>\n</li>\n</ul>\n<p>In <a href=\"https://gitlab.com/territoirevif/comptes-france/-/tree/master/metier-et-gestion?ref_type=heads\" rel=\"nofollow noreferrer\">this project</a> it allows me to execute:</p>\n<ul>\n<li>some modules having integration tests ordered by a suite: <a href=\"https://gitlab.com/territoirevif/comptes-france/-/tree/master/metier-et-gestion/OutSpkCog/src/test/java/fr/ecoemploi/adapters/outbound/spark/dataset?ref_type=heads\" rel=\"nofollow noreferrer\">here</a> or <a href=\"https://gitlab.com/territoirevif/comptes-france/-/tree/master/metier-et-gestion/OutSpkEntreprise/src/test/java/fr/ecoemploi/adapters/outbound/spark/dataset/entreprise?ref_type=heads\" rel=\"nofollow noreferrer\">here</a></li>\n<li>some modules having integration tests <a href=\"https://gitlab.com/territoirevif/comptes-france/-/tree/master/metier-et-gestion/OutSpkEmploi/src/test/java/fr/ecoemploi/adapters/outbound/spark/dataset/emploi?ref_type=heads\" rel=\"nofollow noreferrer\">not ordered by a suite</a></li>\n<li>some modules having only <a href=\"https://gitlab.com/territoirevif/comptes-france/-/tree/master/metier-et-gestion/OutSpkMathStat/src/test/java/fr/ecoemploi/adapters/outbound/spark/math?ref_type=heads\" rel=\"nofollow noreferrer\">unit tests</a></li>\n</ul>\n<pre class=\"lang-none prettyprint-override\"><code> mvn install -Passemblage -fn |  grep -F 'Tests run'\n[INFO] Tests run: 2, Failures: 0, Errors: 0, Skipped: 0, Time elapsed: 0.077 s -- in fr.ecoemploi.domain.utils.autocontrole.TestAnomalies\n[INFO] Tests run: 2, Failures: 0, Errors: 0, Skipped: 0, Time elapsed: 0.005 s -- in fr.ecoemploi.domain.utils.autocontrole.TestIdentifiant\n[INFO] Tests run: 4, Failures: 0, Errors: 0, Skipped: 0, Time elapsed: 0.031 s -- in fr.ecoemploi.domain.utils.objets.TestObjetsIdentifiables\n[INFO] Tests run: 4, Failures: 0, Errors: 0, Skipped: 0, Time elapsed: 0.014 s -- in fr.ecoemploi.domain.utils.objets.TestObjetsMetiers\n[INFO] Tests run: 12, Failures: 0, Errors: 0, Skipped: 0\n[INFO] Tests run: 4, Failures: 0, Errors: 0, Skipped: 0, Time elapsed: 0.043 s -- in fr.ecoemploi.domain.model.territoire.TestObjetsTerritoire\n[INFO] Tests run: 6, Failures: 0, Errors: 0, Skipped: 0, Time elapsed: 0.066 s -- in fr.ecoemploi.domain.model.territoire.TestPeriode\n[INFO] Tests run: 2, Failures: 0, Errors: 0, Skipped: 0, Time elapsed: 0.015 s -- in fr.ecoemploi.domain.model.entreprise.TestNAF\n[INFO] Tests run: 12, Failures: 0, Errors: 0, Skipped: 0\n[ERROR] Tests run: 37, Failures: 2, Errors: 0, Skipped: 0, Time elapsed: 363.716 s &lt;&lt;&lt; FAILURE! - in CogSuiteIT\n[ERROR] Tests run: 37, Failures: 2, Errors: 0, Skipped: 0\n[INFO] Tests run: 9, Failures: 0, Errors: 0, Skipped: 0, Time elapsed: 74.236 s - in fr.ecoemploi.adapters.outbound.spark.dataset.association.AssociationsDatasetIT\n[INFO] Tests run: 9, Failures: 0, Errors: 0, Skipped: 0\n[WARNING] Tests run: 6, Failures: 0, Errors: 0, Skipped: 1, Time elapsed: 14.623 s - in fr.ecoemploi.adapters.outbound.spark.dataset.balance.communes.BalanceComptesIntercommunalitesIT\n[WARNING] Tests run: 6, Failures: 0, Errors: 0, Skipped: 1, Time elapsed: 4.377 s - in fr.ecoemploi.adapters.outbound.spark.dataset.balance.communes.BalanceComptesCommunesDatasetIT\n[INFO] Tests run: 1, Failures: 0, Errors: 0, Skipped: 0, Time elapsed: 0.405 s - in fr.ecoemploi.adapters.outbound.spark.dataset.balance.communes.BalanceComptesCommunesServiceIT\n[INFO] Tests run: 4, Failures: 0, Errors: 0, Skipped: 0, Time elapsed: 2.565 s - in fr.ecoemploi.adapters.outbound.spark.dataset.balance.communes.ComptesIndividuelsIntercommunalitesIT\n[INFO] Tests run: 2, Failures: 0, Errors: 0, Skipped: 0, Time elapsed: 0.803 s - in fr.ecoemploi.adapters.outbound.spark.dataset.balance.communes.PlansDeComptesIT\n[ERROR] Tests run: 8, Failures: 1, Errors: 7, Skipped: 0, Time elapsed: 32.596 s &lt;&lt;&lt; FAILURE! - in fr.ecoemploi.adapters.outbound.spark.dataset.balance.communes.ComptesIndividuelsCommunesIT\n[ERROR] Tests run: 27, Failures: 1, Errors: 7, Skipped: 2\n[INFO] Tests run: 3, Failures: 0, Errors: 0, Skipped: 0, Time elapsed: 23.549 s - in fr.ecoemploi.adapters.outbound.spark.dataset.emploi.activite.ActivitePopulationIT\n[INFO] Tests run: 11, Failures: 0, Errors: 0, Skipped: 0, Time elapsed: 28.287 s - in fr.ecoemploi.adapters.outbound.spark.dataset.emploi.bmo.BesoinsEnMainOeuvreIT\n[INFO] Tests run: 1, Failures: 0, Errors: 0, Skipped: 0, Time elapsed: 0.445 s - in fr.ecoemploi.adapters.outbound.spark.dataset.emploi.chomage.EmploiChomageIT\n[INFO] Tests run: 15, Failures: 0, Errors: 0, Skipped: 0\n[INFO] Tests run: 2, Failures: 0, Errors: 0, Skipped: 0, Time elapsed: 8.574 s - in fr.ecoemploi.adapters.outbound.spark.dataset.equipement.NaturismeCommunalDatasetIT\n[INFO] Tests run: 13, Failures: 0, Errors: 0, Skipped: 0, Time elapsed: 19.012 s - in fr.ecoemploi.adapters.outbound.spark.dataset.equipement.EquipementDatasetIT\n[INFO] Tests run: 15, Failures: 0, Errors: 0, Skipped: 0\n[INFO] Tests run: 1, Failures: 0, Errors: 0, Skipped: 0, Time elapsed: 8.164 s - in fr.ecoemploi.adapters.outbound.spark.dataset.formation.diplome.DiplomesFormationsIT\n[INFO] Tests run: 1, Failures: 0, Errors: 0, Skipped: 0\n[INFO] Tests run: 2, Failures: 0, Errors: 0, Skipped: 0, Time elapsed: 10.283 s - in fr.ecoemploi.adapters.outbound.spark.dataset.mobilite.MobiliteIT\n[INFO] Tests run: 2, Failures: 0, Errors: 0, Skipped: 0\n[INFO] Tests run: 5, Failures: 0, Errors: 0, Skipped: 0, Time elapsed: 15.658 s - in fr.ecoemploi.adapters.outbound.spark.dataset.revenus.RevenusImpositionIT\n[INFO] Tests run: 5, Failures: 0, Errors: 0, Skipped: 0\n[WARNING] Tests run: 49, Failures: 0, Errors: 0, Skipped: 1, Time elapsed: 854.484 s - in EntrepriseSuiteIT\n[WARNING] Tests run: 49, Failures: 0, Errors: 0, Skipped: 1\n[INFO] Tests run: 7, Failures: 0, Errors: 0, Skipped: 0, Time elapsed: 21.297 s - in fr.ecoemploi.adapters.outbound.spark.dataset.datagouv.CatalogueDatagouvIT\n[INFO] Tests run: 6, Failures: 0, Errors: 0, Skipped: 0, Time elapsed: 4.763 s - in fr.ecoemploi.adapters.outbound.spark.dataset.datagouv.RessourceDatagouvIT\n[INFO] Tests run: 13, Failures: 0, Errors: 0, Skipped: 0\n[INFO] Tests run: 1, Failures: 0, Errors: 0, Skipped: 0, Time elapsed: 0.154 s -- in fr.ecoemploi.adapters.outbound.spark.math.InterpolationLagrangeTest\n[INFO] Tests run: 1, Failures: 0, Errors: 0, Skipped: 0, Time elapsed: 0.006 s -- in fr.ecoemploi.adapters.outbound.spark.math.BaseTest\n[INFO] Tests run: 8, Failures: 0, Errors: 0, Skipped: 0, Time elapsed: 0.015 s -- in fr.ecoemploi.adapters.outbound.spark.math.EnsembleTest\n[INFO] Tests run: 2, Failures: 0, Errors: 0, Skipped: 0, Time elapsed: 0.009 s -- in fr.ecoemploi.adapters.outbound.spark.math.DeriveeTest\n[WARNING] Tests run: 9, Failures: 0, Errors: 0, Skipped: 1, Time elapsed: 0.025 s -- in fr.ecoemploi.adapters.outbound.spark.stat.inferentielle.EstimationPonctuelleEtIntervalleDeConfianceTest\n[WARNING] Tests run: 21, Failures: 0, Errors: 0, Skipped: 1\n[WARNING] Tests run: 1, Failures: 0, Errors: 0, Skipped: 1, Time elapsed: 4.254 s - in fr.ecoemploi.adapters.outbound.spark.stat.MachineLearingIT\n[INFO] Tests run: 1, Failures: 0, Errors: 0, Skipped: 0, Time elapsed: 5.861 s - in fr.ecoemploi.adapters.outbound.spark.stat.univariee.AnalyseUnivarieeIT\n[INFO] Tests run: 1, Failures: 0, Errors: 0, Skipped: 0, Time elapsed: 0.348 s - in fr.ecoemploi.adapters.outbound.spark.stat.univariee.EtudiantsIT\n[INFO] Tests run: 1, Failures: 0, Errors: 0, Skipped: 0, Time elapsed: 1.052 s - in fr.ecoemploi.adapters.outbound.spark.stat.inferentielle.EvenementsEtProbabilitesIT\n[INFO] Tests run: 3, Failures: 0, Errors: 0, Skipped: 0, Time elapsed: 0.403 s - in fr.ecoemploi.adapters.outbound.spark.stat.inferentielle.LoisIT\n[INFO] Tests run: 5, Failures: 0, Errors: 0, Skipped: 0, Time elapsed: 3.201 s - in fr.ecoemploi.adapters.outbound.spark.stat.descriptive.AnalyseBivarieeIT\n[INFO] Tests run: 2, Failures: 0, Errors: 0, Skipped: 0, Time elapsed: 0.931 s - in fr.ecoemploi.adapters.outbound.spark.stat.descriptive.AnalyseComposantesPrincipalesIT\n[WARNING] Tests run: 14, Failures: 0, Errors: 0, Skipped: 1\n[INFO] Tests run: 2, Failures: 0, Errors: 0, Skipped: 0, Time elapsed: 87.294 s - in fr.ecoemploi.adapters.outbound.spark.analyse.commune.ImpactsCommunauxServiceIT\n[INFO] Tests run: 1, Failures: 0, Errors: 0, Skipped: 0, Time elapsed: 152.71 s - in fr.ecoemploi.adapters.outbound.spark.analyse.commune.AnalyseComptesCompetencesEquipementsIT\n[WARNING] Tests run: 7, Failures: 0, Errors: 0, Skipped: 1, Time elapsed: 51.244 s - in fr.ecoemploi.adapters.outbound.spark.analyse.intercommunalite.EtudeIntercoVirtuelleIT\n[WARNING] Tests run: 10, Failures: 0, Errors: 0, Skipped: 1\n[INFO] Tests run: 1, Failures: 0, Errors: 0, Skipped: 0, Time elapsed: 3.586 s - in fr.ecoemploi.adapters.outbound.elastic.core.ElasticGeneralIT\n[INFO] Tests run: 1, Failures: 0, Errors: 0, Skipped: 0\n[INFO] Tests run: 2, Failures: 0, Errors: 0, Skipped: 0, Time elapsed: 21.511 s - in fr.ecoemploi.adapters.outbound.elastic.datagouv.ElasticCatalogueDatagouvIT\n[INFO] Tests run: 2, Failures: 0, Errors: 0, Skipped: 0\n[INFO] Tests run: 6, Failures: 0, Errors: 0, Skipped: 0, Time elapsed: 3.884 s - in fr.ecoemploi.adapters.inbound.rest.geoserver.configurateur.ConfigurateurIT\n[INFO] Tests run: 6, Failures: 0, Errors: 0, Skipped: 0\n</code></pre>\n",
    "score" : 0,
    "is_accepted" : false,
    "owner" : {
      "account_id" : 3366819,
      "reputation" : 3591,
      "user_id" : 2827181,
      "user_type" : "registered",
      "profile_image" : "https://i.sstatic.net/WJK16.jpg?s=256",
      "display_name" : "Marc Le Bihan",
      "link" : "https://stackoverflow.com/users/2827181/marc-le-bihan"
    },
    "creation_date" : 1750342782,
    "last_activity_date" : 1750342782,
    "content_license" : "CC BY-SA 4.0"
  } ],
  "question_comments" : [ {
    "comment_id" : 140526981,
    "post_id" : 79670171,
    "body" : "@khmarbaise sorry, everything was confuse and complex. I&#39;ve found the solution I was searching for and posted it as an answer. I hope it will clarify all.",
    "score" : 0,
    "owner" : {
      "account_id" : 3366819,
      "reputation" : 3591,
      "user_id" : 2827181,
      "user_type" : "registered",
      "profile_image" : "https://i.sstatic.net/WJK16.jpg?s=256",
      "display_name" : "Marc Le Bihan",
      "link" : "https://stackoverflow.com/users/2827181/marc-le-bihan"
    },
    "creation_date" : 1750343049,
    "content_license" : "CC BY-SA 4.0"
  }, {
    "comment_id" : 140526705,
    "post_id" : 79670171,
    "body" : "So first I would question why using suites at all... and if you name the &quot;tests&quot; which are used by your Suite not following the naming conventions they will not being executed by default only by your suites... What does that mean &quot;30+ modules to test&quot; ? Each module has it&#39;s own tests? Can you create an example project on Github or alike is easier to see the real setup...",
    "score" : 0,
    "owner" : {
      "account_id" : 112317,
      "reputation" : 98425,
      "user_id" : 296328,
      "user_type" : "registered",
      "accept_rate" : 60,
      "profile_image" : "https://i.sstatic.net/DSpH6.jpg?s=256",
      "display_name" : "khmarbaise",
      "link" : "https://stackoverflow.com/users/296328/khmarbaise"
    },
    "creation_date" : 1750337695,
    "content_license" : "CC BY-SA 4.0"
  }, {
    "comment_id" : 140525619,
    "post_id" : 79670171,
    "body" : "@khmarbaise I have 30+ modules to test, many having test cases in <code>*ITCase.java</code> files. One suite will run 37 test methods among 7 <code>ITCase</code> files, for example.",
    "score" : 0,
    "owner" : {
      "account_id" : 3366819,
      "reputation" : 3591,
      "user_id" : 2827181,
      "user_type" : "registered",
      "profile_image" : "https://i.sstatic.net/WJK16.jpg?s=256",
      "display_name" : "Marc Le Bihan",
      "link" : "https://stackoverflow.com/users/2827181/marc-le-bihan"
    },
    "creation_date" : 1750309416,
    "content_license" : "CC BY-SA 4.0"
  }, {
    "comment_id" : 140522791,
    "post_id" : 79670171,
    "body" : "Based on what I can understand from your question, if you are looking to run a specified test and only that, you can use the failsafe plugin&#39;s user property <code>it.test</code>. See also: <a href=\"https://maven.apache.org/surefire/maven-failsafe-plugin/examples/single-test.html\" rel=\"nofollow noreferrer\">maven.apache.org/surefire/maven-failsafe-plugin/examples/&hellip;</a>",
    "score" : 0,
    "owner" : {
      "account_id" : 21724606,
      "reputation" : 1431,
      "user_id" : 16034206,
      "user_type" : "registered",
      "profile_image" : "https://i.sstatic.net/MRBdT.jpg?s=256",
      "display_name" : "pebble unit",
      "link" : "https://stackoverflow.com/users/16034206/pebble-unit"
    },
    "creation_date" : 1750233485,
    "content_license" : "CC BY-SA 4.0"
  }, {
    "comment_id" : 140522789,
    "post_id" : 79670171,
    "body" : "In Surefieplugin you don&#39;t need to execlude <code>*IT.java</code> because that is the default...furthermore failsafeplugin has an option &quot;skipITs&#39; ... <a href=\"https://maven.apache.org/surefire/maven-failsafe-plugin/integration-test-mojo.html#skipITs\" rel=\"nofollow noreferrer\">maven.apache.org/surefire/maven-failsafe-plugin/&hellip;</a>",
    "score" : 0,
    "owner" : {
      "account_id" : 112317,
      "reputation" : 98425,
      "user_id" : 296328,
      "user_type" : "registered",
      "accept_rate" : 60,
      "profile_image" : "https://i.sstatic.net/DSpH6.jpg?s=256",
      "display_name" : "khmarbaise",
      "link" : "https://stackoverflow.com/users/296328/khmarbaise"
    },
    "creation_date" : 1750233481,
    "content_license" : "CC BY-SA 4.0"
  }, {
    "comment_id" : 140522785,
    "post_id" : 79670171,
    "body" : "If you use a Suite which references tests which itself are named as tests that means they will be executed by the suite as well as from surefire/failsafe pllugin... I would ask why using Suites? To select a suite just execute mvn command and give the name of Suite that will execute only the suite and it&#39;s referenced test...The execution order is usually not defined ?",
    "score" : 0,
    "owner" : {
      "account_id" : 112317,
      "reputation" : 98425,
      "user_id" : 296328,
      "user_type" : "registered",
      "accept_rate" : 60,
      "profile_image" : "https://i.sstatic.net/DSpH6.jpg?s=256",
      "display_name" : "khmarbaise",
      "link" : "https://stackoverflow.com/users/296328/khmarbaise"
    },
    "creation_date" : 1750233410,
    "content_license" : "CC BY-SA 4.0"
  } ],
  "answer_comments" : {
    "79672215" : [ {
      "comment_id" : 140527180,
      "post_id" : 79672215,
      "body" : "<code>exclude **&#47;IT*.java when executing surefire plugin so that *IT tests classes aren&#39;t taken into account by it</code> ... IT&#39;s are excluded by default from surefire-plugin because surefire is for unit tests with different naming schema... maven-failsafe-plugin is intended to run integration tests... based on the naming schema <code>*IT.java</code> etc... check the <a href=\"https://maven.apache.org/surefire/maven-surefire-plugin/test-mojo.html#includes\" rel=\"nofollow noreferrer\">maven.apache.org/surefire/maven-surefire-plugin/&hellip;</a> while <a href=\"https://maven.apache.org/surefire/maven-failsafe-plugin/integration-test-mojo.html#includes\" rel=\"nofollow noreferrer\">maven.apache.org/surefire/maven-failsafe-plugin/&hellip;</a>",
      "score" : 0,
      "owner" : {
        "account_id" : 112317,
        "reputation" : 98425,
        "user_id" : 296328,
        "user_type" : "registered",
        "accept_rate" : 60,
        "profile_image" : "https://i.sstatic.net/DSpH6.jpg?s=256",
        "display_name" : "khmarbaise",
        "link" : "https://stackoverflow.com/users/296328/khmarbaise"
      },
      "creation_date" : 1750346774,
      "content_license" : "CC BY-SA 4.0"
    } ]
  }
}