{
  "question" : {
    "question_id" : 79769245,
    "title" : "`Execution failed for task &#39;:app:configureCMakeDebug[arm64-v8a] React Native + EXPO",
    "body" : "<p>The problem is down there saying:</p>\n<blockquote>\n<p>Task: react-native-worklets:configureCMakeDebug[arm64-v8a] FAILED.</p>\n</blockquote>\n<p>I tried everything that I found on the internet to fix this problem. I have changed Java destination folder installing it directly in <code>C:\\</code>, <code>JAVA_HOME</code> is <code>C:\\Java</code>, <code>PATH: %JAVA_HOME%\\bin</code> and also <code>C:\\Program Files\\Common Files\\Oracle\\Java\\javapath</code></p>\n<p>(I tried removing it, it reappears).</p>\n<p>Then I tried changing Gradle versions. I think one was &lt;8.10, then second one 8.10.2 (I think) and now 8.14.3, no fix.</p>\n<p>I tried with every version setting <code>newArchEnabled</code> with false and true, no help.</p>\n<p>I added <code>org.gradle.java.home=C:\\\\\\Java</code> in <code>gradle.properties</code>, no change. Changed Java version from v24 to v21 and then to jdk 17.</p>\n<p>FULL LOG:</p>\n<p>When i set newArchEnabled=false:</p>\n<pre><code>&gt; Configure project :react-native-video\nKotlin version is correct: 2.0.21\nAndroidX version is correct: 1.9.3\nuseExoplayerIMA: false\nuseExoplayerSmoothStreaming: true\nuseExoplayerDash: true\nuseExoplayerHls: true\nuseExoplayerRtsp: false\nbuildFromSource: false\n\n&gt; Task :react-native-reanimated:assertNewArchitectureEnabledTask FAILED\n\n[Incubating] Problems report is available at: file:///C:/Users/Public/Downloads/projekat1/GTube/Gtube/android/build/reports/problems/problems-report.html\n\nFAILURE: Build failed with an exception.\n\n* Where:\nBuild file 'C:\\Users\\Public\\Downloads\\projekat1\\GTube\\Gtube\\node_modules\\react-native-reanimated\\android\\build.gradle' line: 297\n\n* What went wrong:\nExecution failed for task ':react-native-reanimated:assertNewArchitectureEnabledTask'.\n&gt; [Reanimated] Reanimated requires new architecture to be enabled. Please enable it by setting `newArchEnabled` to `true` in `gradle.properties`.\n\n\nBUILD FAILED in 2m 44s\n57 actionable tasks: 8 executed, 49 up-to-date\nError: C:\\Users\\Public\\Downloads\\projekat1\\GTube\\Gtube\\android\\gradlew.bat app:assembleDebug -x lint -x test --configure-on-demand --build-cache -PreactNativeDevServerPort=8081 -PreactNativeArchitectures=x86_64,arm64-v8a exited with non-zero code: 1\nError: C:\\Users\\Public\\Downloads\\projekat1\\GTube\\Gtube\\android\\gradlew.bat app:assembleDebug -x lint -x test --configure-on-demand --build-cache -PreactNativeDevServerPort=8081 -PreactNativeArchitectures=x86_64,arm64-v8a exited with non-zero code: 1\n    at ChildProcess.completionListener (C:\\Users\\Public\\Downloads\\projekat1\\GTube\\Gtube\\node_modules\\@expo\\spawn-async\\src\\spawnAsync.ts:67:13)\n    at Object.onceWrapper (node:events:633:26)\n    at ChildProcess.emit (node:events:518:28)\n    at ChildProcess.cp.emit (C:\\Users\\Public\\Downloads\\projekat1\\GTube\\Gtube\\node_modules\\cross-spawn\\lib\\enoent.js:34:29)\n    at maybeClose (node:internal/child_process:1104:16)\n    at Process.ChildProcess._handle.onexit (node:internal/child_process:304:5)\n    ...\n    at spawnAsync (C:\\Users\\Public\\Downloads\\projekat1\\GTube\\Gtube\\node_modules\\@expo\\spawn-async\\src\\spawnAsync.ts:28:21)\n    at spawnGradleAsync (C:\\Users\\Public\\Downloads\\projekat1\\GTube\\Gtube\\node_modules\\@expo\\cli\\src\\start\\platforms\\android\\gradle.ts:134:28)\n    at assembleAsync (C:\\Users\\Public\\Downloads\\projekat1\\GTube\\Gtube\\node_modules\\@expo\\cli\\src\\start\\platforms\\android\\gradle.ts:83:16)\n    at runAndroidAsync (C:\\Users\\Public\\Downloads\\projekat1\\GTube\\Gtube\\node_modules\\@expo\\cli\\src\\run\\android\\runAndroidAsync.ts:62:24)\n</code></pre>\n<p>When I set newArchEnabled=true:</p>\n<pre><code>PS C:\\Users\\Public\\Downloads\\projekat1\\Gtube\\Gtube&gt; npx expo run:android\n› Building app...\nConfiguration on demand is an incubating feature.\n\n&gt; Configure project :\n[ExpoRootProject] Using the following versions:\n  - buildTools:  35.0.0\n  - minSdk:      24\n  - compileSdk:  35\n  - targetSdk:   35\n  - ndk:         27.1.12297006\n  - kotlin:      2.0.21\n  - ksp:         2.0.21-1.0.28\n\n&gt; Configure project :app\n ℹ️  Applying gradle plugin 'expo-dev-launcher-gradle-plugin'\n\n&gt; Configure project :expo\n\nUsing expo modules\n  - expo-constants (17.1.6)\n  - expo-dev-client (5.2.4)\n  - expo-dev-launcher (5.1.16)\n  - expo-dev-menu (6.1.14)\n  - expo-dev-menu-interface (1.10.0)\n  - expo-file-system (18.1.10)\n  - expo-json-utils (0.15.0)\n  - expo-linking (7.1.5)\n  - expo-location (18.1.5)\n  - expo-manifests (0.16.6)\n  - expo-modules-core (2.3.13)\n  - expo-updates-interface (1.1.0)\n  - expo-video (2.1.9)\n  - [\uD83D\uDCE6] expo-asset (11.1.5)\n  - [\uD83D\uDCE6] expo-audio (0.4.9)\n  - [\uD83D\uDCE6] expo-av (15.1.4)\n  - [\uD83D\uDCE6] expo-blur (14.1.4)\n  - [\uD83D\uDCE6] expo-font (13.3.1)\n  - [\uD83D\uDCE6] expo-haptics (14.1.4)\n  - [\uD83D\uDCE6] expo-keep-awake (14.1.4)\n  - [\uD83D\uDCE6] expo-linear-gradient (14.1.4)\n  - [\uD83D\uDCE6] expo-splash-screen (0.30.8)\n  - [\uD83D\uDCE6] expo-system-ui (5.0.7)\n  - [\uD83D\uDCE6] expo-task-manager (13.1.5)\n  - [\uD83D\uDCE6] expo-web-browser (14.1.6)\n  - [\uD83D\uDCE6] unimodules-app-loader (5.1.3)\n\n\n&gt; Configure project :react-native-video\nKotlin version is correct: 2.0.21\nAndroidX version is correct: 1.9.3\nuseExoplayerIMA: false\nuseExoplayerSmoothStreaming: true\nuseExoplayerDash: true\nuseExoplayerHls: true\nuseExoplayerRtsp: false\nbuildFromSource: false\n\n&gt; Task :react-native-worklets:configureCMakeDebug[arm64-v8a] FAILED\n\n[Incubating] Problems report is available at: file:///C:/Users/Public/Downloads/projekat1/GTube/Gtube/android/build/reports/problems/problems-report.html\n\nFAILURE: Build failed with an exception.\n\n* What went wrong:\nExecution failed for task ':react-native-worklets:configureCMakeDebug[arm64-v8a]'.\n&gt; [CXX1429] error when building with cmake using C:\\Users\\Public\\Downloads\\projekat1\\GTube\\Gtube\\node_modules\\react-native-worklets\\android\\CMakeLists.txt: C++ build system [prefab] failed while executing:\n      @echo off\n      &quot;C:\\\\Java\\\\bin\\\\java&quot; ^\n        --class-path ^\n        &quot;C:\\\\Users\\\\Ninković\\\\.gradle\\\\caches\\\\modules-2\\\\files-2.1\\\\com.google.prefab\\\\cli\\\\2.1.0\\\\aa32fec809c44fa531f01dcfb739b5b3304d3050\\\\cli-2.1.0-all.jar&quot; ^\n        com.google.prefab.cli.AppKt ^\n        --build-system ^\n        cmake ^\n        --platform ^\n        android ^\n        --abi ^\n        arm64-v8a ^\n        --os-version ^\n        24 ^\n        --stl ^\n        c++_shared ^\n        --ndk-version ^\n        27 ^\n        --output ^\n        &quot;C:\\\\Users\\\\NINKOV~1\\\\AppData\\\\Local\\\\Temp\\\\agp-prefab-staging6659082582683889821\\\\staged-cli-output&quot; ^\n        &quot;C:\\\\Users\\\\Ninković\\\\.gradle\\\\caches\\\\8.14.3\\\\transforms\\\\852cfa2bba00840bd776c0daace5752e\\\\transformed\\\\react-android-0.79.2-debug\\\\prefab&quot; ^\n        &quot;C:\\\\Users\\\\Ninković\\\\.gradle\\\\caches\\\\8.14.3\\\\transforms\\\\e941e969bf87b201055dab7385fe1dcf\\\\transformed\\\\hermes-android-0.79.2-debug\\\\prefab&quot; ^\n        &quot;C:\\\\Users\\\\Ninković\\\\.gradle\\\\caches\\\\8.14.3\\\\transforms\\\\d39da1216ec4852ee311f0cd5aada5d3\\\\transformed\\\\fbjni-0.7.0\\\\prefab&quot; \n    from C:\\Users\\Public\\Downloads\\projekat1\\GTube\\Gtube\\node_modules\\react-native-worklets\\android\n  '\\Java\\\\bin\\\\java&quot; ^' is not recognized as an internal or external command,\n  operable program or batch file.\n  'class-path' is not recognized as an internal or external command,\n  operable program or batch file.\n  'om.google.prefab.cli.AppKt' is not recognized as an internal or external command,\n  operable program or batch file.\n  'C:\\\\Users\\\\Ninković\\\\.gradle\\\\caches\\\\8.14.3\\\\transforms\\\\852cfa2bba00840bd776c0daace5752e\\\\transformed\\\\react-android-0.79.2-debug\\\\prefab&quot; ^' is not recognized as an internal or external command,\n  operable program or batch file.\n  '&quot;C:\\\\Users\\\\Ninković\\\\.gradle\\\\caches\\\\8.14.3\\\\transforms\\\\e941e969bf87b201055dab7385fe1dcf\\\\transformed\\\\hermes-android-0.79.2-debug\\\\prefab&quot;' is not recognized as an internal or external command,\n : com.android.ide.common.process.ProcessException: C++ build system [prefab] failed while executing:\n      @echo off\n      &quot;C:\\\\Java\\\\bin\\\\java&quot; ^\n        --class-path ^\n        &quot;C:\\\\Users\\\\Ninković\\\\.gradle\\\\caches\\\\modules-2\\\\files-2.1\\\\com.google.prefab\\\\cli\\\\2.1.0\\\\aa32fec809c44fa531f01dcfb739b5b3304d3050\\\\cli-2.1.0-all.jar&quot; ^\n        com.google.prefab.cli.AppKt ^\n        --build-system ^\n        cmake ^\n        --platform ^\n        android ^\n        --abi ^\n        arm64-v8a ^\n        --os-version ^\n        24 ^\n        --stl ^\n        c++_shared ^\n        --ndk-version ^\n        27 ^\n        --output ^\n        &quot;C:\\\\Users\\\\NINKOV~1\\\\AppData\\\\Local\\\\Temp\\\\agp-prefab-staging6659082582683889821\\\\staged-cli-output&quot; ^\n        &quot;C:\\\\Users\\\\Ninković\\\\.gradle\\\\caches\\\\8.14.3\\\\transforms\\\\852cfa2bba00840bd776c0daace5752e\\\\transformed\\\\react-android-0.79.2-debug\\\\prefab&quot; ^\n        &quot;C:\\\\Users\\\\Ninković\\\\.gradle\\\\caches\\\\8.14.3\\\\transforms\\\\e941e969bf87b201055dab7385fe1dcf\\\\transformed\\\\hermes-android-0.79.2-debug\\\\prefab&quot; ^\n        &quot;C:\\\\Users\\\\Ninković\\\\.gradle\\\\caches\\\\8.14.3\\\\transforms\\\\d39da1216ec4852ee311f0cd5aada5d3\\\\transformed\\\\fbjni-0.7.0\\\\prefab&quot; \n    from C:\\Users\\Public\\Downloads\\projekat1\\GTube\\Gtube\\node_modules\\react-native-worklets\\android\n  '\\Java\\\\bin\\\\java&quot; ^' is not recognized as an internal or external command,\n  operable program or batch file.\n  'class-path' is not recognized as an internal or external command,\n  operable program or batch file.\n  'om.google.prefab.cli.AppKt' is not recognized as an internal or external command,\n  operable program or batch file.\n  'C:\\\\Users\\\\Ninković\\\\.gradle\\\\caches\\\\8.14.3\\\\transforms\\\\852cfa2bba00840bd776c0daace5752e\\\\transformed\\\\react-android-0.79.2-debug\\\\prefab&quot; ^' is not recognized as an internal or external command,\n  operable program or batch file.\n  '&quot;C:\\\\Users\\\\Ninković\\\\.gradle\\\\caches\\\\8.14.3\\\\transforms\\\\e941e969bf87b201055dab7385fe1dcf\\\\transformed\\\\hermes-android-0.79.2-debug\\\\prefab&quot;' is not recognized as an internal or external command,\n  operable program or batch file.\n        at com.android.build.gradle.internal.cxx.process.ExecuteProcessKt.execute(ExecuteProcess.kt:288)\n        at com.android.build.gradle.internal.cxx.process.ExecuteProcessKt$executeProcess$1.invoke(ExecuteProcess.kt:108)\n        at com.android.build.gradle.internal.cxx.process.ExecuteProcessKt$executeProcess$1.invoke(ExecuteProcess.kt:106)\n        at com.android.build.gradle.internal.cxx.timing.TimingEnvironmentKt.time(TimingEnvironment.kt:32)\n        at com.android.build.gradle.internal.cxx.process.ExecuteProcessKt.executeProcess(ExecuteProcess.kt:106)\n        at com.android.build.gradle.internal.cxx.process.ExecuteProcessKt.executeProcess$default(ExecuteProcess.kt:85)\n        at com.android.build.gradle.tasks.GeneratePrefabPackagesKt.createPrefabBuildSystemGlue(GeneratePrefabPackages.kt:110)\n        at com.android.build.gradle.tasks.ExternalNativeJsonGenerator$configureOneAbi$1$1$2.invoke(ExternalNativeJsonGenerator.kt:215) \n        at com.android.build.gradle.tasks.ExternalNativeJsonGenerator$configureOneAbi$1$1$2.invoke(ExternalNativeJsonGenerator.kt:213) \n        at com.android.build.gradle.internal.cxx.timing.TimingEnvironmentKt.time(TimingEnvironment.kt:32)\n        at com.android.build.gradle.tasks.ExternalNativeJsonGenerator.configureOneAbi(ExternalNativeJsonGenerator.kt:213)\n        at com.android.build.gradle.tasks.ExternalNativeJsonGenerator.configure(ExternalNativeJsonGenerator.kt:113)\n        at com.android.build.gradle.tasks.ExternalNativeBuildJsonTask.doTaskAction(ExternalNativeBuildJsonTask.kt:89)\n        at com.android.build.gradle.internal.tasks.UnsafeOutputsTask$taskAction$$inlined$recordTaskAction$1.invoke(BaseTask.kt:59)     \n        at com.android.build.gradle.internal.tasks.Blocks.recordSpan(Blocks.java:51)\n        at com.android.build.gradle.internal.tasks.UnsafeOutputsTask.taskAction(UnsafeOutputsTask.kt:81)\n        at java.base/jdk.internal.reflect.NativeMethodAccessorImpl.invoke0(Native Method)\n        at java.base/jdk.internal.reflect.NativeMethodAccessorImpl.invoke(NativeMethodAccessorImpl.java:77)\n        at java.base/jdk.internal.reflect.DelegatingMethodAccessorImpl.invoke(DelegatingMethodAccessorImpl.java:43)\n        at java.base/java.lang.reflect.Method.invoke(Method.java:568)\n        at org.gradle.internal.reflect.JavaMethod.invoke(JavaMethod.java:125)\n        at org.gradle.api.internal.project.taskfactory.StandardTaskAction.doExecute(StandardTaskAction.java:58)\n        at org.gradle.api.internal.project.taskfactory.StandardTaskAction.execute(StandardTaskAction.java:51)\n        at org.gradle.api.internal.project.taskfactory.StandardTaskAction.execute(StandardTaskAction.java:29)\n        at org.gradle.api.internal.tasks.execution.TaskExecution$3.run(TaskExecution.java:244)\n        at org.gradle.internal.operations.DefaultBuildOperationRunner$1.execute(DefaultBuildOperationRunner.java:30)\n        at org.gradle.internal.operations.DefaultBuildOperationRunner$1.execute(DefaultBuildOperationRunner.java:27)\n        at org.gradle.internal.operations.DefaultBuildOperationRunner$2.execute(DefaultBuildOperationRunner.java:67)\n        at org.gradle.internal.operations.DefaultBuildOperationRunner$2.execute(DefaultBuildOperationRunner.java:60)\n        at org.gradle.internal.operations.DefaultBuildOperationRunner.execute(DefaultBuildOperationRunner.java:167)\n        at org.gradle.internal.operations.DefaultBuildOperationRunner.execute(DefaultBuildOperationRunner.java:60)\n        at org.gradle.internal.operations.DefaultBuildOperationRunner.run(DefaultBuildOperationRunner.java:48)\n        at org.gradle.api.internal.tasks.execution.TaskExecution.executeAction(TaskExecution.java:229)\n        at org.gradle.api.internal.tasks.execution.TaskExecution.executeActions(TaskExecution.java:212)\n        at org.gradle.api.internal.tasks.execution.TaskExecution.executeWithPreviousOutputFiles(TaskExecution.java:195)\n        at org.gradle.api.internal.tasks.execution.TaskExecution.execute(TaskExecution.java:162)\n        at org.gradle.internal.execution.steps.ExecuteStep.executeInternal(ExecuteStep.java:105)\n        at org.gradle.internal.execution.steps.ExecuteStep.access$000(ExecuteStep.java:44)\n        at org.gradle.internal.execution.steps.ExecuteStep$1.call(ExecuteStep.java:59)\n        at org.gradle.internal.execution.steps.ExecuteStep$1.call(ExecuteStep.java:56)\n        at org.gradle.internal.operations.DefaultBuildOperationRunner$CallableBuildOperationWorker.execute(DefaultBuildOperationRunner.java:210)\n        at org.gradle.internal.operations.DefaultBuildOperationRunner$CallableBuildOperationWorker.execute(DefaultBuildOperationRunner.java:205)\n        at org.gradle.internal.operations.DefaultBuildOperationRunner$2.execute(DefaultBuildOperationRunner.java:67)\n        at org.gradle.internal.operations.DefaultBuildOperationRunner$2.execute(DefaultBuildOperationRunner.java:60)\n        at org.gradle.internal.operations.DefaultBuildOperationRunner.execute(DefaultBuildOperationRunner.java:167)\n        at org.gradle.internal.operations.DefaultBuildOperationRunner.execute(DefaultBuildOperationRunner.java:60)\n        at org.gradle.internal.operations.DefaultBuildOperationRunner.call(DefaultBuildOperationRunner.java:54)\n        at org.gradle.internal.execution.steps.ExecuteStep.execute(ExecuteStep.java:56)\n        at org.gradle.internal.execution.steps.ExecuteStep.execute(ExecuteStep.java:44)\n        at org.gradle.internal.execution.steps.CancelExecutionStep.execute(CancelExecutionStep.java:42)\n        at org.gradle.internal.execution.steps.TimeoutStep.executeWithoutTimeout(TimeoutStep.java:75)\n        at org.gradle.internal.execution.steps.TimeoutStep.execute(TimeoutStep.java:55)\n        at org.gradle.internal.execution.steps.PreCreateOutputParentsStep.execute(PreCreateOutputParentsStep.java:50)\n        at org.gradle.internal.execution.steps.PreCreateOutputParentsStep.execute(PreCreateOutputParentsStep.java:28)\n        at org.gradle.internal.execution.steps.RemovePreviousOutputsStep.execute(RemovePreviousOutputsStep.java:67)\n        at org.gradle.internal.execution.steps.RemovePreviousOutputsStep.execute(RemovePreviousOutputsStep.java:37)\n        at org.gradle.internal.execution.steps.BroadcastChangingOutputsStep.execute(BroadcastChangingOutputsStep.java:61)\n        at org.gradle.internal.execution.steps.BroadcastChangingOutputsStep.execute(BroadcastChangingOutputsStep.java:26)\n        at org.gradle.internal.execution.steps.CaptureOutputsAfterExecutionStep.execute(CaptureOutputsAfterExecutionStep.java:69)      \n        at org.gradle.internal.execution.steps.CaptureOutputsAfterExecutionStep.execute(CaptureOutputsAfterExecutionStep.java:46)      \n        at org.gradle.internal.execution.steps.ResolveInputChangesStep.execute(ResolveInputChangesStep.java:40)\n        at org.gradle.internal.execution.steps.ResolveInputChangesStep.execute(ResolveInputChangesStep.java:29)\n        at org.gradle.internal.execution.steps.BuildCacheStep.executeWithoutCache(BuildCacheStep.java:189)\n        at org.gradle.internal.execution.steps.BuildCacheStep.lambda$execute$1(BuildCacheStep.java:75)\n        at org.gradle.internal.Either$Right.fold(Either.java:175)\n        at org.gradle.internal.execution.caching.CachingState.fold(CachingState.java:62)\n        at org.gradle.internal.execution.steps.BuildCacheStep.execute(BuildCacheStep.java:73)\n        at org.gradle.internal.execution.steps.BuildCacheStep.execute(BuildCacheStep.java:48)\n        at org.gradle.internal.execution.steps.StoreExecutionStateStep.execute(StoreExecutionStateStep.java:46)\n        at org.gradle.internal.execution.steps.StoreExecutionStateStep.execute(StoreExecutionStateStep.java:35)\n        at org.gradle.internal.execution.steps.SkipUpToDateStep.executeBecause(SkipUpToDateStep.java:75)\n        at org.gradle.internal.execution.steps.SkipUpToDateStep.lambda$execute$2(SkipUpToDateStep.java:53)\n        at java.base/java.util.Optional.orElseGet(Optional.java:364)\n        at org.gradle.internal.execution.steps.SkipUpToDateStep.execute(SkipUpToDateStep.java:53)\n        at org.gradle.internal.execution.steps.SkipUpToDateStep.execute(SkipUpToDateStep.java:35)\n        at org.gradle.internal.execution.steps.legacy.MarkSnapshottingInputsFinishedStep.execute(MarkSnapshottingInputsFinishedStep.java:37)\n        at org.gradle.internal.execution.steps.legacy.MarkSnapshottingInputsFinishedStep.execute(MarkSnapshottingInputsFinishedStep.java:27)\n        at org.gradle.internal.execution.steps.ResolveIncrementalCachingStateStep.executeDelegate(ResolveIncrementalCachingStateStep.java:49)\n        at org.gradle.internal.execution.steps.ResolveIncrementalCachingStateStep.executeDelegate(ResolveIncrementalCachingStateStep.java:27)\n        at org.gradle.internal.execution.steps.AbstractResolveCachingStateStep.execute(AbstractResolveCachingStateStep.java:71)        \n        at org.gradle.internal.execution.steps.AbstractResolveCachingStateStep.execute(AbstractResolveCachingStateStep.java:39)        \n        at org.gradle.internal.execution.steps.ResolveChangesStep.execute(ResolveChangesStep.java:65)\n        at org.gradle.internal.execution.steps.ResolveChangesStep.execute(ResolveChangesStep.java:36)\n        at org.gradle.internal.execution.steps.ValidateStep.execute(ValidateStep.java:107)\n        at org.gradle.internal.execution.steps.ValidateStep.execute(ValidateStep.java:56)\n        at org.gradle.internal.execution.steps.AbstractCaptureStateBeforeExecutionStep.execute(AbstractCaptureStateBeforeExecutionStep.java:64)\n        at org.gradle.internal.execution.steps.AbstractCaptureStateBeforeExecutionStep.execute(AbstractCaptureStateBeforeExecutionStep.java:43)\n        at org.gradle.internal.execution.steps.AbstractSkipEmptyWorkStep.executeWithNonEmptySources(AbstractSkipEmptyWorkStep.java:125)\n        at org.gradle.internal.execution.steps.AbstractSkipEmptyWorkStep.execute(AbstractSkipEmptyWorkStep.java:56)\n        at org.gradle.internal.execution.steps.AbstractSkipEmptyWorkStep.execute(AbstractSkipEmptyWorkStep.java:36)\n        at org.gradle.internal.execution.steps.legacy.MarkSnapshottingInputsStartedStep.execute(MarkSnapshottingInputsStartedStep.java:38)\n        at org.gradle.internal.execution.steps.LoadPreviousExecutionStateStep.execute(LoadPreviousExecutionStateStep.java:36)\n        at org.gradle.internal.execution.steps.LoadPreviousExecutionStateStep.execute(LoadPreviousExecutionStateStep.java:23)\n        at org.gradle.internal.execution.steps.HandleStaleOutputsStep.execute(HandleStaleOutputsStep.java:75)\n        at org.gradle.internal.execution.steps.HandleStaleOutputsStep.execute(HandleStaleOutputsStep.java:41)\n        at org.gradle.internal.execution.steps.AssignMutableWorkspaceStep.lambda$execute$0(AssignMutableWorkspaceStep.java:35)\n        at org.gradle.api.internal.tasks.execution.TaskExecution$4.withWorkspace(TaskExecution.java:289)\n        at org.gradle.internal.execution.steps.AssignMutableWorkspaceStep.execute(AssignMutableWorkspaceStep.java:31)\n        at org.gradle.internal.execution.steps.AssignMutableWorkspaceStep.execute(AssignMutableWorkspaceStep.java:22)\n        at org.gradle.internal.execution.steps.ChoosePipelineStep.execute(ChoosePipelineStep.java:40)\n        at org.gradle.internal.execution.steps.ChoosePipelineStep.execute(ChoosePipelineStep.java:23)\n        at org.gradle.internal.execution.steps.ExecuteWorkBuildOperationFiringStep.lambda$execute$2(ExecuteWorkBuildOperationFiringStep.java:67)\n        at java.base/java.util.Optional.orElseGet(Optional.java:364)\n        at org.gradle.internal.execution.steps.ExecuteWorkBuildOperationFiringStep.execute(ExecuteWorkBuildOperationFiringStep.java:67)\n        at org.gradle.internal.execution.steps.ExecuteWorkBuildOperationFiringStep.execute(ExecuteWorkBuildOperationFiringStep.java:39)\n        at org.gradle.internal.execution.steps.IdentityCacheStep.execute(IdentityCacheStep.java:46)\n        at org.gradle.internal.execution.steps.IdentityCacheStep.execute(IdentityCacheStep.java:34)\n        at org.gradle.internal.execution.steps.IdentifyStep.execute(IdentifyStep.java:48)\n        at org.gradle.internal.execution.steps.IdentifyStep.execute(IdentifyStep.java:35)\n        at org.gradle.internal.execution.impl.DefaultExecutionEngine$1.execute(DefaultExecutionEngine.java:64)\n        at org.gradle.api.internal.tasks.execution.ExecuteActionsTaskExecuter.executeIfValid(ExecuteActionsTaskExecuter.java:127)      \n        at org.gradle.api.internal.tasks.execution.ExecuteActionsTaskExecuter.execute(ExecuteActionsTaskExecuter.java:116)\n        at org.gradle.api.internal.tasks.execution.ProblemsTaskPathTrackingTaskExecuter.execute(ProblemsTaskPathTrackingTaskExecuter.java:41)\n        at org.gradle.api.internal.tasks.execution.FinalizePropertiesTaskExecuter.execute(FinalizePropertiesTaskExecuter.java:46)      \n        at org.gradle.api.internal.tasks.execution.ResolveTaskExecutionModeExecuter.execute(ResolveTaskExecutionModeExecuter.java:51)  \n        at org.gradle.api.internal.tasks.execution.SkipTaskWithNoActionsExecuter.execute(SkipTaskWithNoActionsExecuter.java:57)        \n        at org.gradle.api.internal.tasks.execution.SkipOnlyIfTaskExecuter.execute(SkipOnlyIfTaskExecuter.java:74)\n        at org.gradle.api.internal.tasks.execution.CatchExceptionTaskExecuter.execute(CatchExceptionTaskExecuter.java:36)\n        at org.gradle.api.internal.tasks.execution.EventFiringTaskExecuter$1.executeTask(EventFiringTaskExecuter.java:77)\n        at org.gradle.api.internal.tasks.execution.EventFiringTaskExecuter$1.call(EventFiringTaskExecuter.java:55)\n        at org.gradle.api.internal.tasks.execution.EventFiringTaskExecuter$1.call(EventFiringTaskExecuter.java:52)\n        at org.gradle.internal.operations.DefaultBuildOperationRunner$CallableBuildOperationWorker.execute(DefaultBuildOperationRunner.java:210)\n        at org.gradle.internal.operations.DefaultBuildOperationRunner$CallableBuildOperationWorker.execute(DefaultBuildOperationRunner.java:205)\n        at org.gradle.internal.operations.DefaultBuildOperationRunner$2.execute(DefaultBuildOperationRunner.java:67)\n        at org.gradle.internal.operations.DefaultBuildOperationRunner$2.execute(DefaultBuildOperationRunner.java:60)\n        at org.gradle.internal.operations.DefaultBuildOperationRunner.execute(DefaultBuildOperationRunner.java:167)\n        at org.gradle.internal.operations.DefaultBuildOperationRunner.execute(DefaultBuildOperationRunner.java:60)\n        at org.gradle.internal.operations.DefaultBuildOperationRunner.call(DefaultBuildOperationRunner.java:54)\n        at org.gradle.api.internal.tasks.execution.EventFiringTaskExecuter.execute(EventFiringTaskExecuter.java:52)\n        at org.gradle.execution.plan.LocalTaskNodeExecutor.execute(LocalTaskNodeExecutor.java:42)\n        at org.gradle.execution.taskgraph.DefaultTaskExecutionGraph$InvokeNodeExecutorsAction.execute(DefaultTaskExecutionGraph.java:331)\n        at org.gradle.execution.taskgraph.DefaultTaskExecutionGraph$InvokeNodeExecutorsAction.execute(DefaultTaskExecutionGraph.java:318)\n        at org.gradle.execution.taskgraph.DefaultTaskExecutionGraph$BuildOperationAwareExecutionAction.lambda$execute$0(DefaultTaskExecutionGraph.java:314)\n        at org.gradle.internal.operations.CurrentBuildOperationRef.with(CurrentBuildOperationRef.java:85)\n        at org.gradle.execution.taskgraph.DefaultTaskExecutionGraph$BuildOperationAwareExecutionAction.execute(DefaultTaskExecutionGraph.java:314)\n        at org.gradle.execution.taskgraph.DefaultTaskExecutionGraph$BuildOperationAwareExecutionAction.execute(DefaultTaskExecutionGraph.java:303)\n        at org.gradle.execution.plan.DefaultPlanExecutor$ExecutorWorker.execute(DefaultPlanExecutor.java:459)\n        at org.gradle.execution.plan.DefaultPlanExecutor$ExecutorWorker.run(DefaultPlanExecutor.java:376)\n        at org.gradle.internal.concurrent.ExecutorPolicy$CatchAndRecordFailures.onExecute(ExecutorPolicy.java:64)\n        at org.gradle.internal.concurrent.AbstractManagedExecutor$1.run(AbstractManagedExecutor.java:48)\n        at java.base/java.util.concurrent.ThreadPoolExecutor.runWorker(ThreadPoolExecutor.java:1136)\n        at java.base/java.util.concurrent.ThreadPoolExecutor$Worker.run(ThreadPoolExecutor.java:635)\n        at java.base/java.lang.Thread.run(Thread.java:842)\n  Caused by: com.android.ide.common.process.ProcessException: Error while executing process C:\\Users\\Public\\Downloads\\projekat1\\GTube\\Gtube\\node_modules\\react-native-worklets\\android\\build\\intermediates\\cxx\\Debug\\124n26j2\\logs\\arm64-v8a\\prefab_command.bat with arguments {}\n        at com.android.build.gradle.internal.process.GradleProcessResult.buildProcessException(GradleProcessResult.java:73)\n        at com.android.build.gradle.internal.process.GradleProcessResult.assertNormalExitValue(GradleProcessResult.java:48)\n        at com.android.build.gradle.internal.cxx.process.ExecuteProcessKt.execute(ExecuteProcess.kt:277)\n        ... 142 more\n  Caused by: org.gradle.process.internal.ExecException: Process 'command 'C:\\Users\\Public\\Downloads\\projekat1\\GTube\\Gtube\\node_modules\\react-native-worklets\\android\\build\\intermediates\\cxx\\Debug\\124n26j2\\logs\\arm64-v8a\\prefab_command.bat'' finished with non-zero exit value 1\n        at org.gradle.process.internal.DefaultExecHandle$ExecResultImpl.assertNormalExitValue(DefaultExecHandle.java:442)\n        at com.android.build.gradle.internal.process.GradleProcessResult.assertNormalExitValue(GradleProcessResult.java:46)\n        ... 143 more\n\n\n* Try:\n&gt; Run with --stacktrace option to get the stack trace.\n&gt; Run with --info or --debug option to get more log output.\n&gt; Run with --scan to get full insights.\n&gt; Get more help at https://help.gradle.org.\n\nDeprecated Gradle features were used in this build, making it incompatible with Gradle 9.0.\n\nYou can use '--warning-mode all' to show the individual deprecation warnings and determine if they come from your own scripts or plugins.\n\nFor more on this, please refer to https://docs.gradle.org/8.14.3/userguide/command_line_interface.html#sec:command_line_warnings in the Gradle documentation.\n\nBUILD FAILED in 55s\n499 actionable tasks: 10 executed, 1 from cache, 488 up-to-date\nError: C:\\Users\\Public\\Downloads\\projekat1\\GTube\\Gtube\\android\\gradlew.bat app:assembleDebug -x lint -x test --configure-on-demand --build-cache -PreactNativeDevServerPort=8081 -PreactNativeArchitectures=x86_64,arm64-v8a exited with non-zero code: 1\nError: C:\\Users\\Public\\Downloads\\projekat1\\GTube\\Gtube\\android\\gradlew.bat app:assembleDebug -x lint -x test --configure-on-demand --build-cache -PreactNativeDevServerPort=8081 -PreactNativeArchitectures=x86_64,arm64-v8a exited with non-zero code: 1\n    at ChildProcess.completionListener (C:\\Users\\Public\\Downloads\\projekat1\\GTube\\Gtube\\node_modules\\@expo\\spawn-async\\src\\spawnAsync.ts:67:13)\n    at Object.onceWrapper (node:events:633:26)\n    at ChildProcess.emit (node:events:518:28)\n    at ChildProcess.cp.emit (C:\\Users\\Public\\Downloads\\projekat1\\GTube\\Gtube\\node_modules\\cross-spawn\\lib\\enoent.js:34:29)\n    at maybeClose (node:internal/child_process:1104:16)\n    at Process.ChildProcess._handle.onexit (node:internal/child_process:304:5)\n    ...\n    at spawnAsync (C:\\Users\\Public\\Downloads\\projekat1\\GTube\\Gtube\\node_modules\\@expo\\spawn-async\\src\\spawnAsync.ts:28:21)\n    at spawnGradleAsync (C:\\Users\\Public\\Downloads\\projekat1\\GTube\\Gtube\\node_modules\\@expo\\cli\\src\\start\\platforms\\android\\gradle.ts:134:28)\n    at assembleAsync (C:\\Users\\Public\\Downloads\\projekat1\\GTube\\Gtube\\node_modules\\@expo\\cli\\src\\start\\platforms\\android\\gradle.ts:83:16)\n    at runAndroidAsync (C:\\Users\\Public\\Downloads\\projekat1\\GTube\\Gtube\\node_modules\\@expo\\cli\\src\\run\\android\\runAndroidAsync.ts:62:24)\n</code></pre>\n",
    "tags" : [ "javascript", "java", "react-native", "gradle", "expo" ],
    "owner" : {
      "account_id" : 28235489,
      "reputation" : 29,
      "user_id" : 21584043,
      "user_type" : "registered",
      "profile_image" : "https://lh3.googleusercontent.com/a/AGNmyxZst72F0UnkvSwu6nEQIgdY3mxglOMwzhiglWXS5w=k-s256",
      "display_name" : "GigaBurek",
      "link" : "https://stackoverflow.com/users/21584043/gigaburek"
    },
    "is_answered" : false,
    "view_count" : 557,
    "answer_count" : 2,
    "score" : 1,
    "last_activity_date" : 1765170590,
    "creation_date" : 1758267255,
    "link" : "https://stackoverflow.com/questions/79769245/execution-failed-for-task-appconfigurecmakedebugarm64-v8a-react-native-e",
    "content_license" : "CC BY-SA 4.0"
  },
  "answers" : [ {
    "answer_id" : 79769531,
    "question_id" : 79769245,
    "body" : "<p>In android/gradle.properties change <code>newArchEnabled=true</code> to <code>newArchEnabled=false</code>.</p>\n<p><a href=\"https://stackoverflow.com/a/79205634/19878070\">https://stackoverflow.com/a/79205634/19878070</a></p>\n",
    "score" : 0,
    "is_accepted" : false,
    "owner" : {
      "account_id" : 26197093,
      "reputation" : 11,
      "user_id" : 19878070,
      "user_type" : "registered",
      "profile_image" : "https://lh3.googleusercontent.com/a-/AFdZucou56FJD2tfXCrMuvKLQiaTuSFfjiNo6ixQu_05CA=k-s256",
      "display_name" : "abdullah ahmad",
      "link" : "https://stackoverflow.com/users/19878070/abdullah-ahmad"
    },
    "creation_date" : 1758286555,
    "last_activity_date" : 1758286555,
    "content_license" : "CC BY-SA 4.0"
  }, {
    "answer_id" : 79840627,
    "question_id" : 79769245,
    "body" : "<p>for react-native 0.82.1 (maybe other versions? who knows?)</p>\n<ul>\n<li><p>install patch-package</p>\n</li>\n<li><p>make a clean install (npm install - BEFORE building the app - otherwise it gets all sorts of other stuff that patch-package can't handle)</p>\n</li>\n<li><p>edit node_modules/react-native-worklets-core/android/CMakeLists.txt</p>\n</li>\n<li><p>change hermes-engine::libhermes to hermes-engine::hermesvm (around line 84)</p>\n</li>\n<li><p>run patch-package (npx patch-package react-native-worklets-core)</p>\n</li>\n<li><p>(if you want to, run npm install again) (package is already OK - patch package ensure it stays OK)</p>\n</li>\n<li><p>clean build gradle and all that then:</p>\n</li>\n</ul>\n<p>rebuild and .... voilà !</p>\n<p><strong>I SHOW THIS ERROR ON GITHUB AND IT WORKS GO AHEAD MAYBE THIS WILL FAILED</strong></p>\n<p>npx patch-package react-native-worklets-core<br />\n**<br />\nBut THEN START YOUR APPLICATION IT WILL WORK**</p>\n",
    "score" : 0,
    "is_accepted" : false,
    "owner" : {
      "account_id" : 29309661,
      "reputation" : 1,
      "user_id" : 22455805,
      "user_type" : "registered",
      "profile_image" : "https://lh3.googleusercontent.com/a/AAcHTtd9Y7Gw-QkpBFY6RiNiXFWmmxP28TtqA1vg63VYJ-pV=k-s256",
      "display_name" : "Dev Anand",
      "link" : "https://stackoverflow.com/users/22455805/dev-anand"
    },
    "creation_date" : 1765170590,
    "last_activity_date" : 1765170590,
    "content_license" : "CC BY-SA 4.0"
  } ],
  "question_comments" : [ {
    "comment_id" : 140750104,
    "post_id" : 79769245,
    "body" : "Alright, post will be better formatted next time.",
    "score" : 0,
    "owner" : {
      "account_id" : 28235489,
      "reputation" : 29,
      "user_id" : 21584043,
      "user_type" : "registered",
      "profile_image" : "https://lh3.googleusercontent.com/a/AGNmyxZst72F0UnkvSwu6nEQIgdY3mxglOMwzhiglWXS5w=k-s256",
      "display_name" : "GigaBurek",
      "link" : "https://stackoverflow.com/users/21584043/gigaburek"
    },
    "creation_date" : 1758441450,
    "content_license" : "CC BY-SA 4.0"
  }, {
    "comment_id" : 140749127,
    "post_id" : 79769245,
    "body" : "I added a <code>gradle</code> flag to the question, since the errors are generated by Gradle. The Gradle SMEs here may have more insight for you.",
    "score" : 0,
    "owner" : {
      "account_id" : 12743722,
      "reputation" : 22621,
      "user_id" : 12567365,
      "user_type" : "registered",
      "profile_image" : "https://i.sstatic.net/zNR3x.png?s=256",
      "display_name" : "andrewJames",
      "link" : "https://stackoverflow.com/users/12567365/andrewjames"
    },
    "creation_date" : 1758376736,
    "content_license" : "CC BY-SA 4.0"
  }, {
    "comment_id" : 140749119,
    "post_id" : 79769245,
    "body" : "Thank you for converting your images to text - much appreciated. I tried to format the text to make it more readable. (Maybe next time, you can do this yourself. See the link in my first comment about formatting your content.)",
    "score" : 0,
    "owner" : {
      "account_id" : 12743722,
      "reputation" : 22621,
      "user_id" : 12567365,
      "user_type" : "registered",
      "profile_image" : "https://i.sstatic.net/zNR3x.png?s=256",
      "display_name" : "andrewJames",
      "link" : "https://stackoverflow.com/users/12567365/andrewjames"
    },
    "creation_date" : 1758376383,
    "content_license" : "CC BY-SA 4.0"
  }, {
    "comment_id" : 140748688,
    "post_id" : 79769245,
    "body" : "I fixed it, didn&#39;t know how to copy from terminal.",
    "score" : 0,
    "owner" : {
      "account_id" : 28235489,
      "reputation" : 29,
      "user_id" : 21584043,
      "user_type" : "registered",
      "profile_image" : "https://lh3.googleusercontent.com/a/AGNmyxZst72F0UnkvSwu6nEQIgdY3mxglOMwzhiglWXS5w=k-s256",
      "display_name" : "GigaBurek",
      "link" : "https://stackoverflow.com/users/21584043/gigaburek"
    },
    "creation_date" : 1758352666,
    "content_license" : "CC BY-SA 4.0"
  }, {
    "comment_id" : 140747400,
    "post_id" : 79769245,
    "body" : "Please take a look at why you should not upload <a href=\"https://meta.stackoverflow.com/a/285557/12567365\">images of code, data, errors</a> when asking a question. You can replace these images with <a href=\"https://meta.stackoverflow.com/questions/251361/how-do-i-format-my-code-blocks\">formatted text</a>.",
    "score" : 0,
    "owner" : {
      "account_id" : 12743722,
      "reputation" : 22621,
      "user_id" : 12567365,
      "user_type" : "registered",
      "profile_image" : "https://i.sstatic.net/zNR3x.png?s=256",
      "display_name" : "andrewJames",
      "link" : "https://stackoverflow.com/users/12567365/andrewjames"
    },
    "creation_date" : 1758290077,
    "content_license" : "CC BY-SA 4.0"
  } ],
  "answer_comments" : {
    "79769531" : [ {
      "comment_id" : 140748664,
      "post_id" : 79769531,
      "body" : "I did that and it says that newArchEnabled needs to be true for the version 8.14.3, if i try that for the older versions, it fails with same error just, lets say, at 64% of initialization.",
      "score" : 0,
      "owner" : {
        "account_id" : 28235489,
        "reputation" : 29,
        "user_id" : 21584043,
        "user_type" : "registered",
        "profile_image" : "https://lh3.googleusercontent.com/a/AGNmyxZst72F0UnkvSwu6nEQIgdY3mxglOMwzhiglWXS5w=k-s256",
        "display_name" : "GigaBurek",
        "link" : "https://stackoverflow.com/users/21584043/gigaburek"
      },
      "creation_date" : 1758351761,
      "content_license" : "CC BY-SA 4.0"
    } ]
  }
}