{
  "question" : {
    "question_id" : 79618004,
    "title" : "Unable to get mutable Windows environment variable map - gradle test",
    "body" : "<p>I am trying to run gradle on intellij IDEA with the command <code>./gradlew run</code> and I receive this error:</p>\n<pre><code> FAILURE: Build failed with an exception.\n\n* What went wrong:\nUnable to get mutable Windows environment variable map\n</code></pre>\n<p>The project I pulled from a github repo is with gradle 4.3 and java 1.8\nThis is the project I am working on: <a href=\"https://github.com/OpenClassrooms-Student-Center/openclassrooms-dragon-saddlesize-checker\" rel=\"nofollow noreferrer\">OpenClassrooms project</a></p>\n<p>I have found another question here with the same problem, they suggested to change the jdk/gradle version according to the compatibility matrix.\nSo I installed java 9 which is compatible with gradle 4.3 but I still have the same problem.</p>\n<pre><code>./gradlew --version\n\n------------------------------------------------------------\nGradle 4.10.3\n------------------------------------------------------------\n\nBuild time:   2018-12-05 00:50:54 UTC\nRevision:     e76905e3a1034e6f724566aeb985621347ff43bc\n\nKotlin DSL:   1.0-rc-6\nKotlin:       1.2.61\nGroovy:       2.4.15\nAnt:          Apache Ant(TM) version 1.9.11 compiled on March 23 2018\nJVM:          21.0.6 (Oracle Corporation 21.0.6+8-LTS-188)\nOS:           Windows 11 10.0 amd64\n\njava --version\njava 9.0.4\nJava(TM) SE Runtime Environment (build 9.0.4+11)\nJava HotSpot(TM) 64-Bit Server VM (build 9.0.4+11, mixed mode)\n</code></pre>\n<pre><code>./gradlew wrapper --stacktrace\n\nFAILURE: Build failed with an exception.\n\n* What went wrong:\nUnable to get mutable Windows environment variable map\n\n* Try:\nRun with --info or --debug option to get more log output. Run with --scan to get full insights.\n\n* Exception is:\nnet.rubygrapefruit.platform.NativeException: Unable to get mutable Windows environment variable map\n        at net.rubygrapefruit.platform.internal.WrapperProcess.getWindowsEnv(WrapperProcess.java:127)\n        at net.rubygrapefruit.platform.internal.WrapperProcess.setEnvInternal(WrapperProcess.java:100)\n        at net.rubygrapefruit.platform.internal.WrapperProcess.setEnvironmentVariable(WrapperProcess.java:85)       \n        at org.gradle.internal.nativeintegration.processenvironment.NativePlatformBackedProcessEnvironment.setNativeEnvironmentVariable(NativePlatformBackedProcessEnvironment.java:36)\n        at org.gradle.internal.nativeintegration.processenvironment.AbstractProcessEnvironment.setEnvironmentVariable(AbstractProcessEnvironment.java:67)\n        at org.gradle.internal.nativeintegration.processenvironment.AbstractProcessEnvironment.maybeSetEnvironment(AbstractProcessEnvironment.java:41)\n        at org.gradle.launcher.daemon.server.exec.EstablishBuildEnvironment.doBuild(EstablishBuildEnvironment.java:65)\n        at org.gradle.launcher.daemon.server.exec.BuildCommandOnly.execute(BuildCommandOnly.java:36)\n        at org.gradle.launcher.daemon.server.api.DaemonCommandExecution.proceed(DaemonCommandExecution.java:122)    \n        at org.gradle.launcher.daemon.server.exec.StartBuildOrRespondWithBusy$1.run(StartBuildOrRespondWithBusy.java:50)\n        at org.gradle.launcher.daemon.server.DaemonStateCoordinator$1.run(DaemonStateCoordinator.java:295)\n        at org.gradle.internal.concurrent.ExecutorPolicy$CatchAndRecordFailures.onExecute(ExecutorPolicy.java:63)   \n        at org.gradle.internal.concurrent.ManagedExecutorImpl$1.run(ManagedExecutorImpl.java:46)\n        at java.base/java.util.concurrent.ThreadPoolExecutor.runWorker(ThreadPoolExecutor.java:1144)\n        at java.base/java.util.concurrent.ThreadPoolExecutor$Worker.run(ThreadPoolExecutor.java:642)\n        at org.gradle.internal.concurrent.ThreadFactoryImpl$ManagedThreadRunnable.run(ThreadFactoryImpl.java:55)    \n        at java.base/java.lang.Thread.run(Thread.java:1583)\nCaused by: java.lang.reflect.InaccessibleObjectException: Unable to make field private static final java.util.Map ja\nva.lang.ProcessEnvironment.theCaseInsensitiveEnvironment accessible: module java.base does not &quot;opens java.lang&quot; to unnamed module @3f0ee7cb\n        at java.base/java.lang.reflect.AccessibleObject.throwInaccessibleObjectException(AccessibleObject.java:391) \n        at java.base/java.lang.reflect.AccessibleObject.checkCanSetAccessible(AccessibleObject.java:367)\n        at java.base/java.lang.reflect.AccessibleObject.checkCanSetAccessible(AccessibleObject.java:315)\n        at java.base/java.lang.reflect.Field.checkCanSetAccessible(Field.java:183)\n        at java.base/java.lang.reflect.Field.setAccessible(Field.java:177)\n        at net.rubygrapefruit.platform.internal.WrapperProcess.getWindowsEnv(WrapperProcess.java:124)\n        ... 16 more\n\n\n* Get more help at https://help.gradle.org\n</code></pre>\n",
    "tags" : [ "java", "gradle" ],
    "owner" : {
      "account_id" : 40273330,
      "reputation" : 1,
      "user_id" : 29696682,
      "user_type" : "registered",
      "profile_image" : "https://www.gravatar.com/avatar/b7e706b737ce67a5f9854dce666172ab?s=256&d=identicon&r=PG&f=y&so-version=2",
      "display_name" : "DDragonfly",
      "link" : "https://stackoverflow.com/users/29696682/ddragonfly"
    },
    "is_answered" : false,
    "view_count" : 28,
    "answer_count" : 0,
    "score" : 0,
    "last_activity_date" : 1747058656,
    "creation_date" : 1747058656,
    "link" : "https://stackoverflow.com/questions/79618004/unable-to-get-mutable-windows-environment-variable-map-gradle-test",
    "content_license" : "CC BY-SA 4.0"
  },
  "answers" : [ ],
  "question_comments" : [ ],
  "answer_comments" : { }
}