{
  "question" : {
    "question_id" : 79615774,
    "title" : "Why the package org.junit does not exist with maven but runs fine in Eclipse?",
    "body" : "<p>I have a project that runs the tests fine in Eclipse. If I run <code>mvn verify</code> after Eclipse compiled the project, at first sight it seems to run every test class fine, just runs 0 tests in each of them.</p>\n<p><code>mvn clean verify</code> results in the following error:</p>\n<pre><code>[ERROR] Failed to execute goal org.apache.maven.plugins:maven-compiler-plugin:3.1:testCompile (default-testCompile) on project jcivitas: Compilation failure: Compilation failure: \n[ERROR] /home/mag/project/civitas-0.7.1/jcivitas/src/test/java/civitas/common/util/ReadSimpleIntTagTest.java:[3,24] package org.junit does not exist\n[ERROR] /home/mag/project/civitas-0.7.1/jcivitas/src/test/java/civitas/common/util/ReadSimpleIntTagTest.java:[3,1] static import only from classes and interfaces\n</code></pre>\n<p>I checked everything I have found on Stack Overflow so far. My tests are in the test directory, I include junit 5 in the pom, I use org.junit.jupiter.api imports, removed my ~/.m2 directory. I synchronized with Maven in Eclipse. It was working until a point (I already have 99 tests written), but I added some stuff to my pom.xml, and it went downhill. (Those are deleted very early in the struggle.) I have already tried all dependency combinations for JUnit 5 I found on the net, including those in the JUnit 5 documentation.</p>\n<p>A quirk of the project is that I need to use Java 8. The JDK 8 build on the system is <strong>Temurin (build 1.8.0_432-b06).</strong></p>\n<p>Here is my current <code>pom.xml</code>:</p>\n<pre><code>&lt;project xmlns=&quot;http://maven.apache.org/POM/4.0.0&quot; xmlns:xsi=&quot;http://www.w3.org/2001/XMLSchema-instance&quot;\n  xsi:schemaLocation=&quot;http://maven.apache.org/POM/4.0.0 http://maven.apache.org/xsd/maven-4.0.0.xsd&quot;&gt;\n  &lt;modelVersion&gt;4.0.0&lt;/modelVersion&gt;\n\n  &lt;groupId&gt;com.kodekonveyor&lt;/groupId&gt;\n  &lt;artifactId&gt;jcivitas&lt;/artifactId&gt;\n  &lt;version&gt;0.0.1-SNAPSHOT&lt;/version&gt;\n  &lt;packaging&gt;jar&lt;/packaging&gt;\n\n  &lt;name&gt;jcivitas&lt;/name&gt;\n\n  &lt;properties&gt;\n     &lt;maven.compiler.source&gt;1.8&lt;/maven.compiler.source&gt;\n     &lt;maven.compiler.target&gt;1.8&lt;/maven.compiler.target&gt;\n    &lt;project.build.sourceEncoding&gt;UTF-8&lt;/project.build.sourceEncoding&gt;\n  &lt;/properties&gt;\n  &lt;dependencies&gt;\n    &lt;dependency&gt;\n        &lt;groupId&gt;org.junit.jupiter&lt;/groupId&gt;\n        &lt;artifactId&gt;junit-jupiter-api&lt;/artifactId&gt;\n        &lt;version&gt;5.13.0-M3&lt;/version&gt;\n        &lt;scope&gt;test&lt;/scope&gt;\n    &lt;/dependency&gt;\n    &lt;dependency&gt;\n        &lt;groupId&gt;org.junit.jupiter&lt;/groupId&gt;\n        &lt;artifactId&gt;junit-jupiter&lt;/artifactId&gt;\n        &lt;version&gt;5.13.0-M3&lt;/version&gt;\n        &lt;scope&gt;test&lt;/scope&gt;\n    &lt;/dependency&gt;\n\n    &lt;dependency&gt;\n        &lt;groupId&gt;org.mockito&lt;/groupId&gt;\n        &lt;artifactId&gt;mockito-core&lt;/artifactId&gt;\n        &lt;version&gt;4.0.0&lt;/version&gt;\n        &lt;scope&gt;test&lt;/scope&gt;\n    &lt;/dependency&gt;\n  &lt;/dependencies&gt;\n&lt;/project&gt;\n</code></pre>\n<p>The beginning of the java source mentioned in the error:</p>\n<pre><code>package civitas.common.util;\n\nimport static org.junit.jupiter.api.Assertions.assertEquals;\nimport static org.junit.jupiter.api.Assertions.assertThrows;\n\nimport java.io.IOException;\n\nimport org.junit.jupiter.api.DisplayName;\nimport org.junit.jupiter.api.Test;\n\nimport civitas.common.Util;\n\npublic class ReadSimpleTagTest extends UtilTestBase {\n</code></pre>\n",
    "tags" : [ "java", "eclipse", "maven", "junit5" ],
    "owner" : {
      "account_id" : 1029918,
      "reputation" : 1506,
      "user_id" : 1038447,
      "user_type" : "registered",
      "accept_rate" : 31,
      "profile_image" : "https://www.gravatar.com/avatar/2b2c8669d88a7265252b6ede2f0ec677?s=256&d=identicon&r=PG",
      "display_name" : "&#193;rp&#225;d Magos&#225;nyi",
      "link" : "https://stackoverflow.com/users/1038447/%c3%81rp%c3%a1d-magos%c3%a1nyi"
    },
    "is_answered" : false,
    "view_count" : 197,
    "answer_count" : 1,
    "score" : 0,
    "last_activity_date" : 1747042034,
    "creation_date" : 1746899997,
    "link" : "https://stackoverflow.com/questions/79615774/why-the-package-org-junit-does-not-exist-with-maven-but-runs-fine-in-eclipse",
    "content_license" : "CC BY-SA 4.0"
  },
  "answers" : [ {
    "answer_id" : 79616236,
    "question_id" : 79615774,
    "body" : "<p>After I have deleted Junit from the eclipse java build path it became apparent that I use old org.junit imports in some other java files. After fixing them the project compiles both in eclipse and maven.</p>\n<p>Maven still found all the test  classes but no tests in them. The fix for that was to include junit-jupiter-engine and junit-platform-launcher dependencies and maven-surefire-plugin.</p>\n",
    "score" : 0,
    "is_accepted" : false,
    "owner" : {
      "account_id" : 1029918,
      "reputation" : 1506,
      "user_id" : 1038447,
      "user_type" : "registered",
      "accept_rate" : 31,
      "profile_image" : "https://www.gravatar.com/avatar/2b2c8669d88a7265252b6ede2f0ec677?s=256&d=identicon&r=PG",
      "display_name" : "&#193;rp&#225;d Magos&#225;nyi",
      "link" : "https://stackoverflow.com/users/1038447/%c3%81rp%c3%a1d-magos%c3%a1nyi"
    },
    "creation_date" : 1746945910,
    "last_activity_date" : 1746945910,
    "content_license" : "CC BY-SA 4.0"
  } ],
  "question_comments" : [ {
    "comment_id" : 140414952,
    "post_id" : 79615774,
    "body" : "Here is a full example... <a href=\"https://github.com/khmarbaise/youtube-videos/tree/main/episode-1\" rel=\"nofollow noreferrer\">github.com/khmarbaise/youtube-videos/tree/main/episode-1</a>",
    "score" : 0,
    "owner" : {
      "account_id" : 112317,
      "reputation" : 98425,
      "user_id" : 296328,
      "user_type" : "registered",
      "accept_rate" : 60,
      "profile_image" : "https://i.sstatic.net/DSpH6.jpg?s=256",
      "display_name" : "khmarbaise",
      "link" : "https://stackoverflow.com/users/296328/khmarbaise"
    },
    "creation_date" : 1746951105,
    "content_license" : "CC BY-SA 4.0"
  }, {
    "comment_id" : 140414353,
    "post_id" : 79615774,
    "body" : "Thank you for the hints. It is the same with 5.12.2. Actually the package is only in test, and the class is only in main. Those are the tests for the class. It is a sort of refactoring project, and after the refactor there will not be such a class.",
    "score" : 0,
    "owner" : {
      "account_id" : 1029918,
      "reputation" : 1506,
      "user_id" : 1038447,
      "user_type" : "registered",
      "accept_rate" : 31,
      "profile_image" : "https://www.gravatar.com/avatar/2b2c8669d88a7265252b6ede2f0ec677?s=256&d=identicon&r=PG",
      "display_name" : "&#193;rp&#225;d Magos&#225;nyi",
      "link" : "https://stackoverflow.com/users/1038447/%c3%81rp%c3%a1d-magos%c3%a1nyi"
    },
    "creation_date" : 1746912271,
    "content_license" : "CC BY-SA 4.0"
  }, {
    "comment_id" : 140414206,
    "post_id" : 79615774,
    "body" : "I think it&#39;s not related to your problem, but as a point of interoperability: you seem to have a package <code>civitas.common.util</code>, and a class <code>civitas.common.Util</code>, and on OSes with case-insensitive filesystems (Windows, macOS), that could lead to confusion, so you should avoid such duplicate naming.",
    "score" : 0,
    "owner" : {
      "account_id" : 213468,
      "reputation" : 110282,
      "user_id" : 466862,
      "user_type" : "registered",
      "profile_image" : "https://www.gravatar.com/avatar/d873f397779db38cd510d9ee5416fd43?s=256&d=identicon&r=PG",
      "display_name" : "Mark Rotteveel",
      "link" : "https://stackoverflow.com/users/466862/mark-rotteveel"
    },
    "creation_date" : 1746906324,
    "content_license" : "CC BY-SA 4.0"
  }, {
    "comment_id" : 140414198,
    "post_id" : 79615774,
    "body" : "Have you tried with a released version of JUnit (e.g. 5.12.2) instead of a development milestone (5.13.0-M3)?",
    "score" : 1,
    "owner" : {
      "account_id" : 213468,
      "reputation" : 110282,
      "user_id" : 466862,
      "user_type" : "registered",
      "profile_image" : "https://www.gravatar.com/avatar/d873f397779db38cd510d9ee5416fd43?s=256&d=identicon&r=PG",
      "display_name" : "Mark Rotteveel",
      "link" : "https://stackoverflow.com/users/466862/mark-rotteveel"
    },
    "creation_date" : 1746906121,
    "content_license" : "CC BY-SA 4.0"
  } ],
  "answer_comments" : {
    "79616236" : [ {
      "comment_id" : 140414995,
      "post_id" : 79616236,
      "body" : "You have to define the maven-surefire-plugin  best most recent version... also other plugins should be defined within your build....",
      "score" : 0,
      "owner" : {
        "account_id" : 112317,
        "reputation" : 98425,
        "user_id" : 296328,
        "user_type" : "registered",
        "accept_rate" : 60,
        "profile_image" : "https://i.sstatic.net/DSpH6.jpg?s=256",
        "display_name" : "khmarbaise",
        "link" : "https://stackoverflow.com/users/296328/khmarbaise"
      },
      "creation_date" : 1746952408,
      "content_license" : "CC BY-SA 4.0"
    } ]
  }
}