{
  "question" : {
    "question_id" : 79597742,
    "title" : "org.testng.TestNGException: Create breakpoint java.net.UnknownHostException: testng.org - when running test framework quit unexpectedly",
    "body" : "<p>I'm using JDK 17 and TestNG 6.14.3. Chrome driver version 135.0.7049.114.</p>\n<p>Previously, it was built successfully, but after the JDK cutover from 11 to 17 it doesn't work</p>\n<pre class=\"lang-none prettyprint-override\"><code>org.testng.TestNGException: java.net.UnknownHostException: testng.org\nat org.testng.TestNG.parseSuite(TestNG.java:327)\nat org.testng.TestNG.initializeSuitesAndJarFile(TestNG.java:348)\nat com.intellij.rt.testng.IDEARemoteTestNG.run(IDEARemoteTestNG.java:39)\nat com.intellij.rt.testng.RemoteTestNGStarter.main(RemoteTestNGStarter.java:105)\n\nCaused by: java.net.UnknownHostException: testng.org\nat java.base/sun.nio.ch.NioSocketImpl.connect(NioSocketImpl.java:572)\nat java.base/java.net.SocksSocketImpl.connect(SocksSocketImpl.java:327)\nat java.base/java.net.Socket.connect(Socket.java:633)\nat java.base/sun.security.ssl.SSLSocketImpl.connect(SSLSocketImpl.java:304)\nat java.base/sun.security.ssl.BaseSSLSocketImpl.connect(BaseSSLSocketImpl.java:174)\nat java.base/sun.net.NetworkClient.doConnect(NetworkClient.java:183)\nat java.base/sun.net.www.http.HttpClient.openServer(HttpClient.java:533)\nat java.base/sun.net.www.http.HttpClient.openServer(HttpClient.java:638)\nat java.base/sun.net.www.protocol.https.HttpsClient.&lt;init&gt;(HttpsClient.java:266)\nat java.base/sun.net.www.protocol.https.HttpsClient.New(HttpsClient.java:380)\nat java.base/sun.net.www.protocol.https.AbstractDelegateHttpsURLConnection.getNewHttpClient(AbstractDelegateHttpsURLConnection.java:193)\nat java.base/sun.net.www.protocol.http.HttpURLConnection.plainConnect0(HttpURLConnection.java:1242)\nat java.base/sun.net.www.protocol.http.HttpURLConnection.plainConnect(HttpURLConnection.java:1128)\nat java.base/sun.net.www.protocol.https.AbstractDelegateHttpsURLConnection.connect(AbstractDelegateHttpsURLConnection.java:179)\nat java.base/sun.net.www.protocol.http.HttpURLConnection.getInputStream0(HttpURLConnection.java:1665)\nat java.base/sun.net.www.protocol.http.HttpURLConnection.getInputStream(HttpURLConnection.java:1589)\nat java.base/sun.net.www.protocol.https.HttpsURLConnectionImpl.getInputStream(HttpsURLConnectionImpl.java:224)\nat org.apache.xerces.impl.XMLEntityManager.setupCurrentEntity(Unknown Source)\nat org.apache.xerces.impl.XMLEntityManager.startEntity(Unknown Source)\nat org.apache.xerces.impl.XMLEntityManager.startDTDEntity(Unknown Source)\n</code></pre>\n",
    "tags" : [ "java", "selenium-webdriver", "testng" ],
    "owner" : {
      "account_id" : 14923811,
      "reputation" : 411,
      "user_id" : 10775306,
      "user_type" : "registered",
      "profile_image" : "https://www.gravatar.com/avatar/ce62792b56135c5adc11fa62540e4606?s=256&d=identicon&r=PG&f=y&so-version=2",
      "display_name" : "Kushani Karunarathne",
      "link" : "https://stackoverflow.com/users/10775306/kushani-karunarathne"
    },
    "is_answered" : false,
    "view_count" : 87,
    "answer_count" : 0,
    "score" : 0,
    "last_activity_date" : 1745944155,
    "creation_date" : 1745908558,
    "link" : "https://stackoverflow.com/questions/79597742/org-testng-testngexception-create-breakpoint-java-net-unknownhostexception-tes",
    "content_license" : "CC BY-SA 4.0"
  },
  "answers" : [ ],
  "question_comments" : [ {
    "comment_id" : 140385104,
    "post_id" : 79597742,
    "body" : "Is this related to Chrome driver instance?  I switched to one project branch and it&#39;s work correctly when I switched to the same project different main branch it gives above error. Any clue?",
    "score" : 0,
    "owner" : {
      "account_id" : 14923811,
      "reputation" : 411,
      "user_id" : 10775306,
      "user_type" : "registered",
      "profile_image" : "https://www.gravatar.com/avatar/ce62792b56135c5adc11fa62540e4606?s=256&d=identicon&r=PG&f=y&so-version=2",
      "display_name" : "Kushani Karunarathne",
      "link" : "https://stackoverflow.com/users/10775306/kushani-karunarathne"
    },
    "creation_date" : 1746034720,
    "content_license" : "CC BY-SA 4.0"
  }, {
    "comment_id" : 140382952,
    "post_id" : 79597742,
    "body" : "@dbc even upgraded to TestNG 7.11.0, the issue is there..",
    "score" : 1,
    "owner" : {
      "account_id" : 14923811,
      "reputation" : 411,
      "user_id" : 10775306,
      "user_type" : "registered",
      "profile_image" : "https://www.gravatar.com/avatar/ce62792b56135c5adc11fa62540e4606?s=256&d=identicon&r=PG&f=y&so-version=2",
      "display_name" : "Kushani Karunarathne",
      "link" : "https://stackoverflow.com/users/10775306/kushani-karunarathne"
    },
    "creation_date" : 1745997369,
    "content_license" : "CC BY-SA 4.0"
  }, {
    "comment_id" : 140380546,
    "post_id" : 79597742,
    "body" : "The latest version of <a href=\"https://github.com/testng-team/testng\" rel=\"nofollow noreferrer\">TestNG</a> is 7.11.0.  @Pallavi asks, <i>is it feasible to upgrade to testng latest version as well and see if the error comes?</i>",
    "score" : 0,
    "owner" : {
      "account_id" : 4617916,
      "reputation" : 120402,
      "user_id" : 3744182,
      "user_type" : "registered",
      "profile_image" : "https://www.gravatar.com/avatar/8e5a880622e118e401915b48f1cc0cf3?s=256&d=identicon&r=PG&f=y&so-version=2",
      "display_name" : "dbc",
      "link" : "https://stackoverflow.com/users/3744182/dbc"
    },
    "creation_date" : 1745937344,
    "content_license" : "CC BY-SA 4.0"
  } ],
  "answer_comments" : { }
}