{
  "question" : {
    "question_id" : 79839208,
    "title" : "From which package do I import @WebMvcTest in Spring Boot 4.x?",
    "body" : "<pre class=\"lang-java prettyprint-override\"><code>import org.junit.jupiter.api.BeforeEach;\nimport org.junit.jupiter.api.Test;\nimport org.springframework.beans.factory.annotation.Autowired;\nimport org.springframework.boot.webmvc.test.autoconfigure.WebMvcTest;\nimport org.springframework.http.MediaType;\nimport org.springframework.test.context.bean.override.mockito.MockitoBean;\nimport org.springframework.test.web.servlet.MockMvc;\n\nimport com.fasterxml.jackson.databind.ObjectMapper;\nimport com.fasterxml.jackson.databind.module.SimpleModule;\n\n@WebMvcTest(ProfSrchRestService.class)\nclass ProfSrchRestServiceUnitTest {\n    // test code\n}\n</code></pre>\n<p>VS code says:</p>\n<blockquote>\n<p>The import <code>org.springframework.boot.webmvc.test</code> cannot be resolved</p>\n</blockquote>\n<p>When I run the tests, I get the following:</p>\n<pre><code>[ERROR] TestEngine with ID 'junit-jupiter' failed to discover tests\n[INFO] \n[INFO] Results:\n[INFO]\n[INFO] Tests run: 0, Failures: 0, Errors: 0, Skipped: 0\n[INFO]\n[INFO] ------------------------------------------------------------------------\n[INFO] BUILD FAILURE\n[INFO] ------------------------------------------------------------------------\n[INFO] Total time:  01:21 min\n[INFO] Finished at: 2025-12-05T13:17:29+05:30\n[INFO] ------------------------------------------------------------------------\n[ERROR] Failed to execute goal org.apache.maven.plugins:maven-surefire-plugin:3.5.4:test (default-test) on project sdpco-cust-profile-search-svc:\n[ERROR]\n[ERROR] See C:\\Users\\UT001012134\\git\\4\\sdpco-cust-profile-search-svc\\target\\surefire-reports for the individual test results.\n[ERROR] See dump files (if any exist) [date].dump, [date]-jvmRun[N].dump and [date].dumpstream.\n[ERROR] There was an error in the forked process\n[ERROR] TestEngine with ID 'junit-jupiter' failed to discover tests\n[ERROR] org.apache.maven.surefire.booter.SurefireBooterForkException: There was an error in the forked process\n[ERROR] TestEngine with ID 'junit-jupiter' failed to discover tests\n[ERROR]         at org.apache.maven.plugin.surefire.booterclient.ForkStarter.fork(ForkStarter.java:631)  \n[ERROR]         at org.apache.maven.plugin.surefire.booterclient.ForkStarter.run(ForkStarter.java:285)   \n[ERROR]         at org.apache.maven.plugin.surefire.booterclient.ForkStarter.run(ForkStarter.java:250)   \n[ERROR]         at org.apache.maven.plugin.surefire.AbstractSurefireMojo.executeProvider(AbstractSurefireMojo.java:1337)\n[ERROR]         at org.apache.maven.plugin.surefire.AbstractSurefireMojo.executeAfterPreconditionsChecked(AbstractSurefireMojo.java:1135)\n[ERROR]         at org.apache.maven.plugin.surefire.AbstractSurefireMojo.execute(AbstractSurefireMojo.java:969)\n[ERROR]         at org.apache.maven.plugin.DefaultBuildPluginManager.executeMojo(DefaultBuildPluginManager.java:126)\n[ERROR]         at org.apache.maven.lifecycle.internal.MojoExecutor.doExecute2(MojoExecutor.java:328)    \n[ERROR]         at org.apache.maven.lifecycle.internal.MojoExecutor.doExecute(MojoExecutor.java:316)     \n[ERROR]         at org.apache.maven.lifecycle.internal.MojoExecutor.execute(MojoExecutor.java:212)       \n[ERROR]         at org.apache.maven.lifecycle.internal.MojoExecutor.execute(MojoExecutor.java:174)       \n[ERROR]         at org.apache.maven.lifecycle.internal.MojoExecutor.access$000(MojoExecutor.java:75)     \n[ERROR]         at org.apache.maven.lifecycle.internal.MojoExecutor$1.run(MojoExecutor.java:162)\n[ERROR]         at org.apache.maven.plugin.DefaultMojosExecutionStrategy.execute(DefaultMojosExecutionStrategy.java:39)\n</code></pre>\n<p>I used this as reference: <a href=\"https://docs.spring.io/spring-boot/api/java/org/springframework/boot/webmvc/test/autoconfigure/WebMvcTest.html\" rel=\"nofollow noreferrer\">https://docs.spring.io/spring-boot/api/java/org/springframework/boot/webmvc/test/autoconfigure/WebMvcTest.html</a></p>\n<p>My pom has:</p>\n<pre class=\"lang-xml prettyprint-override\"><code>&lt;dependency&gt;\n    &lt;groupId&gt;org.springframework.boot&lt;/groupId&gt;\n    &lt;artifactId&gt;spring-boot-starter-webmvc&lt;/artifactId&gt;\n&lt;/dependency&gt;\n&lt;dependency&gt;\n    &lt;groupId&gt;org.springframework.boot&lt;/groupId&gt;\n    &lt;artifactId&gt;spring-boot-starter-webmvc-test&lt;/artifactId&gt;\n    &lt;scope&gt;test&lt;/scope&gt;\n&lt;/dependency&gt;\n&lt;dependency&gt;\n    &lt;groupId&gt;org.springframework.boot&lt;/groupId&gt;\n    &lt;artifactId&gt;spring-boot-starter-test&lt;/artifactId&gt;\n    &lt;scope&gt;test&lt;/scope&gt;\n&lt;/dependency&gt;\n&lt;dependency&gt;\n    &lt;groupId&gt;org.junit.jupiter&lt;/groupId&gt;\n    &lt;artifactId&gt;junit-jupiter-api&lt;/artifactId&gt;\n    &lt;version&gt;6.0.1&lt;/version&gt;\n    &lt;scope&gt;test&lt;/scope&gt;\n&lt;/dependency&gt;\n</code></pre>\n<p>Am I doing the import correctly?</p>\n",
    "tags" : [ "java", "spring-boot", "spring-mvc" ],
    "owner" : {
      "account_id" : 27077117,
      "reputation" : 1,
      "user_id" : 20626843,
      "user_type" : "registered",
      "profile_image" : "https://lh3.googleusercontent.com/a/ALm5wu1Y5nVvVqNH7H5TmKi_2OmYxBmk8rhsUAIFbF0B=k-s256",
      "display_name" : "Udhayakumar T",
      "link" : "https://stackoverflow.com/users/20626843/udhayakumar-t"
    },
    "is_answered" : false,
    "view_count" : 168,
    "answer_count" : 0,
    "score" : 0,
    "last_activity_date" : 1765036308,
    "creation_date" : 1764959198,
    "link" : "https://stackoverflow.com/questions/79839208/from-which-package-do-i-import-webmvctest-in-spring-boot-4-x",
    "content_license" : "CC BY-SA 4.0"
  },
  "answers" : [ ],
  "question_comments" : [ {
    "comment_id" : 140903929,
    "post_id" : 79839208,
    "body" : "Remove the <code>junit-jupiter-api</code> dependency. Already included (and compatible) in <code>spring-boot-starter-test</code>. Please add your full stacktrace not just a piece of it. I doubt VS code has properly imported the project and I doubt the stacktrace is even related to this error in VS code. Looks like you are making wrong assumptions based on that, read the actual stacktrace which provided the info why things don&#39;t run on the command line.",
    "score" : 0,
    "owner" : {
      "account_id" : 3192259,
      "reputation" : 126826,
      "user_id" : 2696260,
      "user_type" : "registered",
      "profile_image" : "https://i.sstatic.net/qHEzx.png?s=256",
      "display_name" : "M. Deinum",
      "link" : "https://stackoverflow.com/users/2696260/m-deinum"
    },
    "creation_date" : 1765795218,
    "content_license" : "CC BY-SA 4.0"
  } ],
  "answer_comments" : { }
}